[ 2016-05-25T15:18:25+08:00 ] 127.0.0.1 /group/
INFO: [ app_begin ] --START--
INFO: ReadHtmlCache Behavior ::run [ RunTime:0.012477s ]
INFO: [ app_begin ] --END-- [ RunTime:0.012622s ]
NOTIC: [8192] mysql_connect(): The mysql extension is deprecated and will be removed in the future: use mysqli or PDO instead C:\AppServ\www\group\ThinkPHP\Lib\Driver\Db\DbMysql.class.php ç¬¬ 55 è¡Œ.
NOTIC: [2] mysql_connect(): ï¿½ï¿½ï¿½ï¿½Ä¿ï¿½ï¿½ï¿½ï¿½ï¿½ï¿½ï¿½ï¿½ï¿½ï¿½Ü¾ï¿½ï¿½ï¿½ï¿½Þ·ï¿½ï¿½ï¿½ï¿½Ó¡ï¿½
 C:\AppServ\www\group\ThinkPHP\Lib\Driver\Db\DbMysql.class.php ç¬¬ 55 è¡Œ.
ERR: ÓÉÓÚÄ¿±ê¼ÆËã»ú»ý¼«¾Ü¾ø£¬ÎÞ·¨Á¬½Ó¡£


[ 2016-05-25T15:19:12+08:00 ] 127.0.0.1 /group/
INFO: [ app_begin ] --START--
INFO: ReadHtmlCache Behavior ::run [ RunTime:0.001457s ]
INFO: [ app_begin ] --END-- [ RunTime:0.001603s ]
NOTIC: [8192] mysql_connect(): The mysql extension is deprecated and will be removed in the future: use mysqli or PDO instead C:\AppServ\www\group\ThinkPHP\Lib\Driver\Db\DbMysql.class.php ç¬¬ 55 è¡Œ.
SQL: SHOW COLUMNS FROM `wish_info` [ RunTime:0.024445s ]
NOTIC: [8192] preg_replace(): The /e modifier is deprecated, use preg_replace_callback instead C:\AppServ\www\group\ThinkPHP\Lib\Core\Db.class.php ç¬¬ 605 è¡Œ.
SQL: SELECT * FROM `wish_info`  [ RunTime:0.001695s ]
INFO: [ view_parse ] --START--
NOTIC: [8192] preg_replace(): The /e modifier is deprecated, use preg_replace_callback instead C:\AppServ\www\group\ThinkPHP\Lib\Template\ThinkTemplate.class.php ç¬¬ 273 è¡Œ.
NOTIC: [8192] preg_replace(): The /e modifier is deprecated, use preg_replace_callback instead C:\AppServ\www\group\ThinkPHP\Lib\Template\ThinkTemplate.class.php ç¬¬ 168 è¡Œ.
NOTIC: [8192] preg_replace(): The /e modifier is deprecated, use preg_replace_callback instead C:\AppServ\www\group\ThinkPHP\Lib\Template\ThinkTemplate.class.php ç¬¬ 404 è¡Œ.
NOTIC: [8192] preg_replace(): The /e modifier is deprecated, use preg_replace_callback instead C:\AppServ\www\group\ThinkPHP\Lib\Template\ThinkTemplate.class.php ç¬¬ 404 è¡Œ.
NOTIC: [8192] preg_replace(): The /e modifier is deprecated, use preg_replace_callback instead C:\AppServ\www\group\ThinkPHP\Lib\Template\ThinkTemplate.class.php ç¬¬ 404 è¡Œ.
NOTIC: [8192] preg_replace(): The /e modifier is deprecated, use preg_replace_callback instead C:\AppServ\www\group\ThinkPHP\Lib\Template\ThinkTemplate.class.php ç¬¬ 404 è¡Œ.
NOTIC: [8192] preg_replace(): The /e modifier is deprecated, use preg_replace_callback instead C:\AppServ\www\group\ThinkPHP\Lib\Template\ThinkTemplate.class.php ç¬¬ 404 è¡Œ.
NOTIC: [8192] preg_replace(): The /e modifier is deprecated, use preg_replace_callback instead C:\AppServ\www\group\ThinkPHP\Lib\Template\ThinkTemplate.class.php ç¬¬ 404 è¡Œ.
NOTIC: [8192] preg_replace(): The /e modifier is deprecated, use preg_replace_callback instead C:\AppServ\www\group\ThinkPHP\Lib\Template\ThinkTemplate.class.php ç¬¬ 404 è¡Œ.
NOTIC: [8192] preg_replace(): The /e modifier is deprecated, use preg_replace_callback instead C:\AppServ\www\group\ThinkPHP\Lib\Template\ThinkTemplate.class.php ç¬¬ 404 è¡Œ.
NOTIC: [8192] preg_replace(): The /e modifier is deprecated, use preg_replace_callback instead C:\AppServ\www\group\ThinkPHP\Lib\Template\ThinkTemplate.class.php ç¬¬ 273 è¡Œ.
NOTIC: [8192] preg_replace(): The /e modifier is deprecated, use preg_replace_callback instead C:\AppServ\www\group\ThinkPHP\Lib\Template\ThinkTemplate.class.php ç¬¬ 168 è¡Œ.
NOTIC: [8192] preg_replace(): The /e modifier is deprecated, use preg_replace_callback instead C:\AppServ\www\group\ThinkPHP\Lib\Template\ThinkTemplate.class.php ç¬¬ 404 è¡Œ.
NOTIC: [8192] preg_replace(): The /e modifier is deprecated, use preg_replace_callback instead C:\AppServ\www\group\ThinkPHP\Lib\Template\ThinkTemplate.class.php ç¬¬ 404 è¡Œ.
NOTIC: [8192] preg_replace(): The /e modifier is deprecated, use preg_replace_callback instead C:\AppServ\www\group\ThinkPHP\Lib\Template\ThinkTemplate.class.php ç¬¬ 404 è¡Œ.
NOTIC: [8192] preg_replace(): The /e modifier is deprecated, use preg_replace_callback instead C:\AppServ\www\group\ThinkPHP\Lib\Template\ThinkTemplate.class.php ç¬¬ 404 è¡Œ.
NOTIC: [8192] preg_replace(): The /e modifier is deprecated, use preg_replace_callback instead C:\AppServ\www\group\ThinkPHP\Lib\Template\ThinkTemplate.class.php ç¬¬ 404 è¡Œ.
NOTIC: [8192] preg_replace(): The /e modifier is deprecated, use preg_replace_callback instead C:\AppServ\www\group\ThinkPHP\Lib\Template\ThinkTemplate.class.php ç¬¬ 404 è¡Œ.
NOTIC: [8192] preg_replace(): The /e modifier is deprecated, use preg_replace_callback instead C:\AppServ\www\group\ThinkPHP\Lib\Template\ThinkTemplate.class.php ç¬¬ 404 è¡Œ.
NOTIC: [8192] preg_replace(): The /e modifier is deprecated, use preg_replace_callback instead C:\AppServ\www\group\ThinkPHP\Lib\Template\ThinkTemplate.class.php ç¬¬ 404 è¡Œ.
NOTIC: [8192] preg_replace(): The /e modifier is deprecated, use preg_replace_callback instead C:\AppServ\www\group\ThinkPHP\Lib\Template\ThinkTemplate.class.php ç¬¬ 404 è¡Œ.
NOTIC: [8192] preg_replace(): The /e modifier is deprecated, use preg_replace_callback instead C:\AppServ\www\group\ThinkPHP\Lib\Template\ThinkTemplate.class.php ç¬¬ 404 è¡Œ.
NOTIC: [8192] preg_replace(): The /e modifier is deprecated, use preg_replace_callback instead C:\AppServ\www\group\ThinkPHP\Lib\Template\ThinkTemplate.class.php ç¬¬ 404 è¡Œ.
NOTIC: [8192] preg_replace(): The /e modifier is deprecated, use preg_replace_callback instead C:\AppServ\www\group\ThinkPHP\Lib\Template\ThinkTemplate.class.php ç¬¬ 404 è¡Œ.
NOTIC: [8192] preg_replace(): The /e modifier is deprecated, use preg_replace_callback instead C:\AppServ\www\group\ThinkPHP\Lib\Template\ThinkTemplate.class.php ç¬¬ 399 è¡Œ.
NOTIC: [8192] preg_replace(): The /e modifier is deprecated, use preg_replace_callback instead C:\AppServ\www\group\ThinkPHP\Lib\Template\ThinkTemplate.class.php ç¬¬ 399 è¡Œ.
NOTIC: [8192] preg_replace(): The /e modifier is deprecated, use preg_replace_callback instead C:\AppServ\www\group\ThinkPHP\Lib\Template\ThinkTemplate.class.php ç¬¬ 404 è¡Œ.
NOTIC: [8192] preg_replace(): The /e modifier is deprecated, use preg_replace_callback instead C:\AppServ\www\group\ThinkPHP\Lib\Template\ThinkTemplate.class.php ç¬¬ 404 è¡Œ.
NOTIC: [8192] preg_replace(): The /e modifier is deprecated, use preg_replace_callback instead C:\AppServ\www\group\ThinkPHP\Lib\Template\ThinkTemplate.class.php ç¬¬ 404 è¡Œ.
NOTIC: [8192] preg_replace(): The /e modifier is deprecated, use preg_replace_callback instead C:\AppServ\www\group\ThinkPHP\Lib\Template\ThinkTemplate.class.php ç¬¬ 399 è¡Œ.
NOTIC: [8192] preg_replace(): The /e modifier is deprecated, use preg_replace_callback instead C:\AppServ\www\group\ThinkPHP\Lib\Template\ThinkTemplate.class.php ç¬¬ 404 è¡Œ.
NOTIC: [8192] preg_replace(): The /e modifier is deprecated, use preg_replace_callback instead C:\AppServ\www\group\ThinkPHP\Lib\Template\ThinkTemplate.class.php ç¬¬ 404 è¡Œ.
NOTIC: [8192] preg_replace(): The /e modifier is deprecated, use preg_replace_callback instead C:\AppServ\www\group\ThinkPHP\Lib\Template\ThinkTemplate.class.php ç¬¬ 404 è¡Œ.
NOTIC: [8192] preg_replace(): The /e modifier is deprecated, use preg_replace_callback instead C:\AppServ\www\group\ThinkPHP\Lib\Template\ThinkTemplate.class.php ç¬¬ 404 è¡Œ.
NOTIC: [8192] preg_replace(): The /e modifier is deprecated, use preg_replace_callback instead C:\AppServ\www\group\ThinkPHP\Lib\Template\ThinkTemplate.class.php ç¬¬ 404 è¡Œ.
NOTIC: [8192] preg_replace(): The /e modifier is deprecated, use preg_replace_callback instead C:\AppServ\www\group\ThinkPHP\Lib\Template\ThinkTemplate.class.php ç¬¬ 404 è¡Œ.
NOTIC: [8192] preg_replace(): The /e modifier is deprecated, use preg_replace_callback instead C:\AppServ\www\group\ThinkPHP\Lib\Template\ThinkTemplate.class.php ç¬¬ 404 è¡Œ.
NOTIC: [8192] preg_replace(): The /e modifier is deprecated, use preg_replace_callback instead C:\AppServ\www\group\ThinkPHP\Lib\Template\ThinkTemplate.class.php ç¬¬ 404 è¡Œ.
NOTIC: [8192] preg_replace(): The /e modifier is deprecated, use preg_replace_callback instead C:\AppServ\www\group\ThinkPHP\Lib\Template\ThinkTemplate.class.php ç¬¬ 404 è¡Œ.
NOTIC: [8192] preg_replace(): The /e modifier is deprecated, use preg_replace_callback instead C:\AppServ\www\group\ThinkPHP\Lib\Template\ThinkTemplate.class.php ç¬¬ 404 è¡Œ.
NOTIC: [8192] preg_replace(): The /e modifier is deprecated, use preg_replace_callback instead C:\AppServ\www\group\ThinkPHP\Lib\Template\ThinkTemplate.class.php ç¬¬ 404 è¡Œ.
NOTIC: [8192] preg_replace(): The /e modifier is deprecated, use preg_replace_callback instead C:\AppServ\www\group\ThinkPHP\Lib\Template\ThinkTemplate.class.php ç¬¬ 404 è¡Œ.
NOTIC: [8192] preg_replace(): The /e modifier is deprecated, use preg_replace_callback instead C:\AppServ\www\group\ThinkPHP\Lib\Template\ThinkTemplate.class.php ç¬¬ 404 è¡Œ.
NOTIC: [8192] preg_replace(): The /e modifier is deprecated, use preg_replace_callback instead C:\AppServ\www\group\ThinkPHP\Lib\Template\ThinkTemplate.class.php ç¬¬ 404 è¡Œ.
NOTIC: [8192] preg_replace(): The /e modifier is deprecated, use preg_replace_callback instead C:\AppServ\www\group\ThinkPHP\Lib\Template\ThinkTemplate.class.php ç¬¬ 404 è¡Œ.
NOTIC: [8192] preg_replace(): The /e modifier is deprecated, use preg_replace_callback instead C:\AppServ\www\group\ThinkPHP\Lib\Template\ThinkTemplate.class.php ç¬¬ 404 è¡Œ.
NOTIC: [8192] preg_replace(): The /e modifier is deprecated, use preg_replace_callback instead C:\AppServ\www\group\ThinkPHP\Lib\Template\ThinkTemplate.class.php ç¬¬ 404 è¡Œ.
NOTIC: [8192] preg_replace(): The /e modifier is deprecated, use preg_replace_callback instead C:\AppServ\www\group\ThinkPHP\Lib\Template\ThinkTemplate.class.php ç¬¬ 404 è¡Œ.
NOTIC: [8192] preg_replace(): The /e modifier is deprecated, use preg_replace_callback instead C:\AppServ\www\group\ThinkPHP\Lib\Template\ThinkTemplate.class.php ç¬¬ 404 è¡Œ.
NOTIC: [8192] preg_replace(): The /e modifier is deprecated, use preg_replace_callback instead C:\AppServ\www\group\ThinkPHP\Lib\Template\ThinkTemplate.class.php ç¬¬ 404 è¡Œ.
NOTIC: [8192] preg_replace(): The /e modifier is deprecated, use preg_replace_callback instead C:\AppServ\www\group\ThinkPHP\Lib\Template\ThinkTemplate.class.php ç¬¬ 404 è¡Œ.
NOTIC: [8192] preg_replace(): The /e modifier is deprecated, use preg_replace_callback instead C:\AppServ\www\group\ThinkPHP\Lib\Template\ThinkTemplate.class.php ç¬¬ 404 è¡Œ.
NOTIC: [8192] preg_replace(): The /e modifier is deprecated, use preg_replace_callback instead C:\AppServ\www\group\ThinkPHP\Lib\Template\ThinkTemplate.class.php ç¬¬ 404 è¡Œ.
NOTIC: [8192] preg_replace(): The /e modifier is deprecated, use preg_replace_callback instead C:\AppServ\www\group\ThinkPHP\Lib\Template\ThinkTemplate.class.php ç¬¬ 404 è¡Œ.
NOTIC: [8192] preg_replace(): The /e modifier is deprecated, use preg_replace_callback instead C:\AppServ\www\group\ThinkPHP\Lib\Template\ThinkTemplate.class.php ç¬¬ 404 è¡Œ.
NOTIC: [8192] preg_replace(): The /e modifier is deprecated, use preg_replace_callback instead C:\AppServ\www\group\ThinkPHP\Lib\Template\ThinkTemplate.class.php ç¬¬ 404 è¡Œ.
NOTIC: [8192] preg_replace(): The /e modifier is deprecated, use preg_replace_callback instead C:\AppServ\www\group\ThinkPHP\Lib\Template\ThinkTemplate.class.php ç¬¬ 404 è¡Œ.
NOTIC: [8192] preg_replace(): The /e modifier is deprecated, use preg_replace_callback instead C:\AppServ\www\group\ThinkPHP\Lib\Template\ThinkTemplate.class.php ç¬¬ 404 è¡Œ.
NOTIC: [8192] preg_replace(): The /e modifier is deprecated, use preg_replace_callback instead C:\AppServ\www\group\ThinkPHP\Lib\Template\ThinkTemplate.class.php ç¬¬ 404 è¡Œ.
NOTIC: [8192] preg_replace(): The /e modifier is deprecated, use preg_replace_callback instead C:\AppServ\www\group\ThinkPHP\Lib\Template\ThinkTemplate.class.php ç¬¬ 404 è¡Œ.
NOTIC: [8192] preg_replace(): The /e modifier is deprecated, use preg_replace_callback instead C:\AppServ\www\group\ThinkPHP\Lib\Template\ThinkTemplate.class.php ç¬¬ 404 è¡Œ.
NOTIC: [8192] preg_replace(): The /e modifier is deprecated, use preg_replace_callback instead C:\AppServ\www\group\ThinkPHP\Lib\Template\ThinkTemplate.class.php ç¬¬ 404 è¡Œ.
NOTIC: [8192] preg_replace(): The /e modifier is deprecated, use preg_replace_callback instead C:\AppServ\www\group\ThinkPHP\Lib\Template\ThinkTemplate.class.php ç¬¬ 404 è¡Œ.
NOTIC: [8192] preg_replace(): The /e modifier is deprecated, use preg_replace_callback instead C:\AppServ\www\group\ThinkPHP\Lib\Template\ThinkTemplate.class.php ç¬¬ 404 è¡Œ.
NOTIC: [8192] preg_replace(): The /e modifier is deprecated, use preg_replace_callback instead C:\AppServ\www\group\ThinkPHP\Lib\Template\ThinkTemplate.class.php ç¬¬ 404 è¡Œ.
NOTIC: [8192] preg_replace(): The /e modifier is deprecated, use preg_replace_callback instead C:\AppServ\www\group\ThinkPHP\Lib\Template\ThinkTemplate.class.php ç¬¬ 404 è¡Œ.
NOTIC: [8192] preg_replace(): The /e modifier is deprecated, use preg_replace_callback instead C:\AppServ\www\group\ThinkPHP\Lib\Template\ThinkTemplate.class.php ç¬¬ 404 è¡Œ.
NOTIC: [8192] preg_replace(): The /e modifier is deprecated, use preg_replace_callback instead C:\AppServ\www\group\ThinkPHP\Lib\Template\ThinkTemplate.class.php ç¬¬ 404 è¡Œ.
NOTIC: [8192] preg_replace(): The /e modifier is deprecated, use preg_replace_callback instead C:\AppServ\www\group\ThinkPHP\Lib\Template\ThinkTemplate.class.php ç¬¬ 404 è¡Œ.
NOTIC: [8192] preg_replace(): The /e modifier is deprecated, use preg_replace_callback instead C:\AppServ\www\group\ThinkPHP\Lib\Template\ThinkTemplate.class.php ç¬¬ 404 è¡Œ.
NOTIC: [8192] preg_replace(): The /e modifier is deprecated, use preg_replace_callback instead C:\AppServ\www\group\ThinkPHP\Lib\Template\ThinkTemplate.class.php ç¬¬ 404 è¡Œ.
NOTIC: [8192] preg_replace(): The /e modifier is deprecated, use preg_replace_callback instead C:\AppServ\www\group\ThinkPHP\Lib\Template\ThinkTemplate.class.php ç¬¬ 404 è¡Œ.
NOTIC: [8192] preg_replace(): The /e modifier is deprecated, use preg_replace_callback instead C:\AppServ\www\group\ThinkPHP\Lib\Template\ThinkTemplate.class.php ç¬¬ 404 è¡Œ.
NOTIC: [8192] preg_replace(): The /e modifier is deprecated, use preg_replace_callback instead C:\AppServ\www\group\ThinkPHP\Lib\Template\ThinkTemplate.class.php ç¬¬ 404 è¡Œ.
NOTIC: [8192] preg_replace(): The /e modifier is deprecated, use preg_replace_callback instead C:\AppServ\www\group\ThinkPHP\Lib\Template\ThinkTemplate.class.php ç¬¬ 404 è¡Œ.
NOTIC: [8192] preg_replace(): The /e modifier is deprecated, use preg_replace_callback instead C:\AppServ\www\group\ThinkPHP\Lib\Template\ThinkTemplate.class.php ç¬¬ 404 è¡Œ.
NOTIC: [8192] preg_replace(): The /e modifier is deprecated, use preg_replace_callback instead C:\AppServ\www\group\ThinkPHP\Lib\Template\ThinkTemplate.class.php ç¬¬ 404 è¡Œ.
NOTIC: [8192] preg_replace(): The /e modifier is deprecated, use preg_replace_callback instead C:\AppServ\www\group\ThinkPHP\Lib\Template\ThinkTemplate.class.php ç¬¬ 404 è¡Œ.
NOTIC: [8192] preg_replace(): The /e modifier is deprecated, use preg_replace_callback instead C:\AppServ\www\group\ThinkPHP\Lib\Template\ThinkTemplate.class.php ç¬¬ 404 è¡Œ.
NOTIC: [8192] preg_replace(): The /e modifier is deprecated, use preg_replace_callback instead C:\AppServ\www\group\ThinkPHP\Lib\Template\ThinkTemplate.class.php ç¬¬ 404 è¡Œ.
NOTIC: [8192] preg_replace(): The /e modifier is deprecated, use preg_replace_callback instead C:\AppServ\www\group\ThinkPHP\Lib\Template\ThinkTemplate.class.php ç¬¬ 404 è¡Œ.
NOTIC: [8192] preg_replace(): The /e modifier is deprecated, use preg_replace_callback instead C:\AppServ\www\group\ThinkPHP\Lib\Template\ThinkTemplate.class.php ç¬¬ 404 è¡Œ.
NOTIC: [8192] preg_replace(): The /e modifier is deprecated, use preg_replace_callback instead C:\AppServ\www\group\ThinkPHP\Lib\Template\ThinkTemplate.class.php ç¬¬ 404 è¡Œ.
NOTIC: [8192] preg_replace(): The /e modifier is deprecated, use preg_replace_callback instead C:\AppServ\www\group\ThinkPHP\Lib\Template\ThinkTemplate.class.php ç¬¬ 404 è¡Œ.
NOTIC: [8192] preg_replace(): The /e modifier is deprecated, use preg_replace_callback instead C:\AppServ\www\group\ThinkPHP\Lib\Template\ThinkTemplate.class.php ç¬¬ 404 è¡Œ.
NOTIC: [8192] preg_replace(): The /e modifier is deprecated, use preg_replace_callback instead C:\AppServ\www\group\ThinkPHP\Lib\Template\ThinkTemplate.class.php ç¬¬ 404 è¡Œ.
NOTIC: [8192] preg_replace(): The /e modifier is deprecated, use preg_replace_callback instead C:\AppServ\www\group\ThinkPHP\Lib\Template\ThinkTemplate.class.php ç¬¬ 404 è¡Œ.
NOTIC: [8192] preg_replace(): The /e modifier is deprecated, use preg_replace_callback instead C:\AppServ\www\group\ThinkPHP\Lib\Template\ThinkTemplate.class.php ç¬¬ 404 è¡Œ.
NOTIC: [8192] preg_replace(): The /e modifier is deprecated, use preg_replace_callback instead C:\AppServ\www\group\ThinkPHP\Lib\Template\ThinkTemplate.class.php ç¬¬ 404 è¡Œ.
NOTIC: [8192] preg_replace(): The /e modifier is deprecated, use preg_replace_callback instead C:\AppServ\www\group\ThinkPHP\Lib\Template\ThinkTemplate.class.php ç¬¬ 404 è¡Œ.
NOTIC: [8192] preg_replace(): The /e modifier is deprecated, use preg_replace_callback instead C:\AppServ\www\group\ThinkPHP\Lib\Template\ThinkTemplate.class.php ç¬¬ 404 è¡Œ.
NOTIC: [8192] preg_replace(): The /e modifier is deprecated, use preg_replace_callback instead C:\AppServ\www\group\ThinkPHP\Lib\Template\ThinkTemplate.class.php ç¬¬ 404 è¡Œ.
NOTIC: [8192] preg_replace(): The /e modifier is deprecated, use preg_replace_callback instead C:\AppServ\www\group\ThinkPHP\Lib\Template\ThinkTemplate.class.php ç¬¬ 404 è¡Œ.
NOTIC: [8192] preg_replace(): The /e modifier is deprecated, use preg_replace_callback instead C:\AppServ\www\group\ThinkPHP\Lib\Template\ThinkTemplate.class.php ç¬¬ 404 è¡Œ.
NOTIC: [8192] preg_replace(): The /e modifier is deprecated, use preg_replace_callback instead C:\AppServ\www\group\ThinkPHP\Lib\Template\ThinkTemplate.class.php ç¬¬ 404 è¡Œ.
NOTIC: [8192] preg_replace(): The /e modifier is deprecated, use preg_replace_callback instead C:\AppServ\www\group\ThinkPHP\Lib\Template\ThinkTemplate.class.php ç¬¬ 404 è¡Œ.
NOTIC: [8192] preg_replace(): The /e modifier is deprecated, use preg_replace_callback instead C:\AppServ\www\group\ThinkPHP\Lib\Template\ThinkTemplate.class.php ç¬¬ 399 è¡Œ.
NOTIC: [8192] preg_replace(): The /e modifier is deprecated, use preg_replace_callback instead C:\AppServ\www\group\ThinkPHP\Lib\Template\ThinkTemplate.class.php ç¬¬ 399 è¡Œ.
NOTIC: [8192] preg_replace(): The /e modifier is deprecated, use preg_replace_callback instead C:\AppServ\www\group\ThinkPHP\Lib\Template\ThinkTemplate.class.php ç¬¬ 399 è¡Œ.
NOTIC: [8192] preg_replace(): The /e modifier is deprecated, use preg_replace_callback instead C:\AppServ\www\group\ThinkPHP\Lib\Template\ThinkTemplate.class.php ç¬¬ 399 è¡Œ.
NOTIC: [8192] preg_replace(): The /e modifier is deprecated, use preg_replace_callback instead C:\AppServ\www\group\ThinkPHP\Lib\Template\ThinkTemplate.class.php ç¬¬ 399 è¡Œ.
NOTIC: [8192] preg_replace(): The /e modifier is deprecated, use preg_replace_callback instead C:\AppServ\www\group\ThinkPHP\Lib\Template\ThinkTemplate.class.php ç¬¬ 399 è¡Œ.
NOTIC: [8192] preg_replace(): The /e modifier is deprecated, use preg_replace_callback instead C:\AppServ\www\group\ThinkPHP\Lib\Template\ThinkTemplate.class.php ç¬¬ 404 è¡Œ.
NOTIC: [8192] preg_replace(): The /e modifier is deprecated, use preg_replace_callback instead C:\AppServ\www\group\ThinkPHP\Lib\Template\ThinkTemplate.class.php ç¬¬ 404 è¡Œ.
NOTIC: [8192] preg_replace(): The /e modifier is deprecated, use preg_replace_callback instead C:\AppServ\www\group\ThinkPHP\Lib\Template\ThinkTemplate.class.php ç¬¬ 404 è¡Œ.
NOTIC: [8192] preg_replace(): The /e modifier is deprecated, use preg_replace_callback instead C:\AppServ\www\group\ThinkPHP\Lib\Template\ThinkTemplate.class.php ç¬¬ 197 è¡Œ.
NOTIC: [8192] preg_replace(): The /e modifier is deprecated, use preg_replace_callback instead C:\AppServ\www\group\ThinkPHP\Lib\Template\ThinkTemplate.class.php ç¬¬ 404 è¡Œ.
NOTIC: [8192] preg_replace(): The /e modifier is deprecated, use preg_replace_callback instead C:\AppServ\www\group\ThinkPHP\Lib\Template\ThinkTemplate.class.php ç¬¬ 404 è¡Œ.
NOTIC: [8192] preg_replace(): The /e modifier is deprecated, use preg_replace_callback instead C:\AppServ\www\group\ThinkPHP\Lib\Template\ThinkTemplate.class.php ç¬¬ 404 è¡Œ.
NOTIC: [8192] preg_replace(): The /e modifier is deprecated, use preg_replace_callback instead C:\AppServ\www\group\ThinkPHP\Lib\Template\ThinkTemplate.class.php ç¬¬ 404 è¡Œ.
NOTIC: [8192] preg_replace(): The /e modifier is deprecated, use preg_replace_callback instead C:\AppServ\www\group\ThinkPHP\Lib\Template\ThinkTemplate.class.php ç¬¬ 399 è¡Œ.
NOTIC: [8192] preg_replace(): The /e modifier is deprecated, use preg_replace_callback instead C:\AppServ\www\group\ThinkPHP\Lib\Template\ThinkTemplate.class.php ç¬¬ 399 è¡Œ.
NOTIC: [8192] preg_replace(): The /e modifier is deprecated, use preg_replace_callback instead C:\AppServ\www\group\ThinkPHP\Lib\Template\ThinkTemplate.class.php ç¬¬ 404 è¡Œ.
NOTIC: [8192] preg_replace(): The /e modifier is deprecated, use preg_replace_callback instead C:\AppServ\www\group\ThinkPHP\Lib\Template\ThinkTemplate.class.php ç¬¬ 404 è¡Œ.
NOTIC: [8192] preg_replace(): The /e modifier is deprecated, use preg_replace_callback instead C:\AppServ\www\group\ThinkPHP\Lib\Template\ThinkTemplate.class.php ç¬¬ 404 è¡Œ.
NOTIC: [8192] preg_replace(): The /e modifier is deprecated, use preg_replace_callback instead C:\AppServ\www\group\ThinkPHP\Lib\Template\ThinkTemplate.class.php ç¬¬ 399 è¡Œ.
NOTIC: [8192] preg_replace(): The /e modifier is deprecated, use preg_replace_callback instead C:\AppServ\www\group\ThinkPHP\Lib\Template\ThinkTemplate.class.php ç¬¬ 404 è¡Œ.
NOTIC: [8192] preg_replace(): The /e modifier is deprecated, use preg_replace_callback instead C:\AppServ\www\group\ThinkPHP\Lib\Template\ThinkTemplate.class.php ç¬¬ 404 è¡Œ.
NOTIC: [8192] preg_replace(): The /e modifier is deprecated, use preg_replace_callback instead C:\AppServ\www\group\ThinkPHP\Lib\Template\ThinkTemplate.class.php ç¬¬ 404 è¡Œ.
NOTIC: [8192] preg_replace(): The /e modifier is deprecated, use preg_replace_callback instead C:\AppServ\www\group\ThinkPHP\Lib\Template\ThinkTemplate.class.php ç¬¬ 404 è¡Œ.
NOTIC: [8192] preg_replace(): The /e modifier is deprecated, use preg_replace_callback instead C:\AppServ\www\group\ThinkPHP\Lib\Template\ThinkTemplate.class.php ç¬¬ 404 è¡Œ.
NOTIC: [8192] preg_replace(): The /e modifier is deprecated, use preg_replace_callback instead C:\AppServ\www\group\ThinkPHP\Lib\Template\ThinkTemplate.class.php ç¬¬ 404 è¡Œ.
NOTIC: [8192] preg_replace(): The /e modifier is deprecated, use preg_replace_callback instead C:\AppServ\www\group\ThinkPHP\Lib\Template\ThinkTemplate.class.php ç¬¬ 404 è¡Œ.
NOTIC: [8192] preg_replace(): The /e modifier is deprecated, use preg_replace_callback instead C:\AppServ\www\group\ThinkPHP\Lib\Template\ThinkTemplate.class.php ç¬¬ 404 è¡Œ.
NOTIC: [8192] preg_replace(): The /e modifier is deprecated, use preg_replace_callback instead C:\AppServ\www\group\ThinkPHP\Lib\Template\ThinkTemplate.class.php ç¬¬ 404 è¡Œ.
NOTIC: [8192] preg_replace(): The /e modifier is deprecated, use preg_replace_callback instead C:\AppServ\www\group\ThinkPHP\Lib\Template\ThinkTemplate.class.php ç¬¬ 404 è¡Œ.
NOTIC: [8192] preg_replace(): The /e modifier is deprecated, use preg_replace_callback instead C:\AppServ\www\group\ThinkPHP\Lib\Template\ThinkTemplate.class.php ç¬¬ 404 è¡Œ.
NOTIC: [8192] preg_replace(): The /e modifier is deprecated, use preg_replace_callback instead C:\AppServ\www\group\ThinkPHP\Lib\Template\ThinkTemplate.class.php ç¬¬ 404 è¡Œ.
NOTIC: [8192] preg_replace(): The /e modifier is deprecated, use preg_replace_callback instead C:\AppServ\www\group\ThinkPHP\Lib\Template\ThinkTemplate.class.php ç¬¬ 404 è¡Œ.
NOTIC: [8192] preg_replace(): The /e modifier is deprecated, use preg_replace_callback instead C:\AppServ\www\group\ThinkPHP\Lib\Template\ThinkTemplate.class.php ç¬¬ 404 è¡Œ.
NOTIC: [8192] preg_replace(): The /e modifier is deprecated, use preg_replace_callback instead C:\AppServ\www\group\ThinkPHP\Lib\Template\ThinkTemplate.class.php ç¬¬ 404 è¡Œ.
NOTIC: [8192] preg_replace(): The /e modifier is deprecated, use preg_replace_callback instead C:\AppServ\www\group\ThinkPHP\Lib\Template\ThinkTemplate.class.php ç¬¬ 404 è¡Œ.
NOTIC: [8192] preg_replace(): The /e modifier is deprecated, use preg_replace_callback instead C:\AppServ\www\group\ThinkPHP\Lib\Template\ThinkTemplate.class.php ç¬¬ 404 è¡Œ.
NOTIC: [8192] preg_replace(): The /e modifier is deprecated, use preg_replace_callback instead C:\AppServ\www\group\ThinkPHP\Lib\Template\ThinkTemplate.class.php ç¬¬ 404 è¡Œ.
NOTIC: [8192] preg_replace(): The /e modifier is deprecated, use preg_replace_callback instead C:\AppServ\www\group\ThinkPHP\Lib\Template\ThinkTemplate.class.php ç¬¬ 404 è¡Œ.
NOTIC: [8192] preg_replace(): The /e modifier is deprecated, use preg_replace_callback instead C:\AppServ\www\group\ThinkPHP\Lib\Template\ThinkTemplate.class.php ç¬¬ 404 è¡Œ.
NOTIC: [8192] preg_replace(): The /e modifier is deprecated, use preg_replace_callback instead C:\AppServ\www\group\ThinkPHP\Lib\Template\ThinkTemplate.class.php ç¬¬ 404 è¡Œ.
NOTIC: [8192] preg_replace(): The /e modifier is deprecated, use preg_replace_callback instead C:\AppServ\www\group\ThinkPHP\Lib\Template\ThinkTemplate.class.php ç¬¬ 404 è¡Œ.
NOTIC: [8192] preg_replace(): The /e modifier is deprecated, use preg_replace_callback instead C:\AppServ\www\group\ThinkPHP\Lib\Template\ThinkTemplate.class.php ç¬¬ 404 è¡Œ.
NOTIC: [8192] preg_replace(): The /e modifier is deprecated, use preg_replace_callback instead C:\AppServ\www\group\ThinkPHP\Lib\Template\ThinkTemplate.class.php ç¬¬ 404 è¡Œ.
NOTIC: [8192] preg_replace(): The /e modifier is deprecated, use preg_replace_callback instead C:\AppServ\www\group\ThinkPHP\Lib\Template\ThinkTemplate.class.php ç¬¬ 404 è¡Œ.
NOTIC: [8192] preg_replace(): The /e modifier is deprecated, use preg_replace_callback instead C:\AppServ\www\group\ThinkPHP\Lib\Template\ThinkTemplate.class.php ç¬¬ 404 è¡Œ.
NOTIC: [8192] preg_replace(): The /e modifier is deprecated, use preg_replace_callback instead C:\AppServ\www\group\ThinkPHP\Lib\Template\ThinkTemplate.class.php ç¬¬ 404 è¡Œ.
NOTIC: [8192] preg_replace(): The /e modifier is deprecated, use preg_replace_callback instead C:\AppServ\www\group\ThinkPHP\Lib\Template\ThinkTemplate.class.php ç¬¬ 404 è¡Œ.
NOTIC: [8192] preg_replace(): The /e modifier is deprecated, use preg_replace_callback instead C:\AppServ\www\group\ThinkPHP\Lib\Template\ThinkTemplate.class.php ç¬¬ 404 è¡Œ.
NOTIC: [8192] preg_replace(): The /e modifier is deprecated, use preg_replace_callback instead C:\AppServ\www\group\ThinkPHP\Lib\Template\ThinkTemplate.class.php ç¬¬ 404 è¡Œ.
NOTIC: [8192] preg_replace(): The /e modifier is deprecated, use preg_replace_callback instead C:\AppServ\www\group\ThinkPHP\Lib\Template\ThinkTemplate.class.php ç¬¬ 404 è¡Œ.
NOTIC: [8192] preg_replace(): The /e modifier is deprecated, use preg_replace_callback instead C:\AppServ\www\group\ThinkPHP\Lib\Template\ThinkTemplate.class.php ç¬¬ 404 è¡Œ.
NOTIC: [8192] preg_replace(): The /e modifier is deprecated, use preg_replace_callback instead C:\AppServ\www\group\ThinkPHP\Lib\Template\ThinkTemplate.class.php ç¬¬ 404 è¡Œ.
NOTIC: [8192] preg_replace(): The /e modifier is deprecated, use preg_replace_callback instead C:\AppServ\www\group\ThinkPHP\Lib\Template\ThinkTemplate.class.php ç¬¬ 404 è¡Œ.
NOTIC: [8192] preg_replace(): The /e modifier is deprecated, use preg_replace_callback instead C:\AppServ\www\group\ThinkPHP\Lib\Template\ThinkTemplate.class.php ç¬¬ 404 è¡Œ.
NOTIC: [8192] preg_replace(): The /e modifier is deprecated, use preg_replace_callback instead C:\AppServ\www\group\ThinkPHP\Lib\Template\ThinkTemplate.class.php ç¬¬ 404 è¡Œ.
NOTIC: [8192] preg_replace(): The /e modifier is deprecated, use preg_replace_callback instead C:\AppServ\www\group\ThinkPHP\Lib\Template\ThinkTemplate.class.php ç¬¬ 404 è¡Œ.
NOTIC: [8192] preg_replace(): The /e modifier is deprecated, use preg_replace_callback instead C:\AppServ\www\group\ThinkPHP\Lib\Template\ThinkTemplate.class.php ç¬¬ 404 è¡Œ.
NOTIC: [8192] preg_replace(): The /e modifier is deprecated, use preg_replace_callback instead C:\AppServ\www\group\ThinkPHP\Lib\Template\ThinkTemplate.class.php ç¬¬ 404 è¡Œ.
NOTIC: [8192] preg_replace(): The /e modifier is deprecated, use preg_replace_callback instead C:\AppServ\www\group\ThinkPHP\Lib\Template\ThinkTemplate.class.php ç¬¬ 404 è¡Œ.
NOTIC: [8192] preg_replace(): The /e modifier is deprecated, use preg_replace_callback instead C:\AppServ\www\group\ThinkPHP\Lib\Template\ThinkTemplate.class.php ç¬¬ 404 è¡Œ.
NOTIC: [8192] preg_replace(): The /e modifier is deprecated, use preg_replace_callback instead C:\AppServ\www\group\ThinkPHP\Lib\Template\ThinkTemplate.class.php ç¬¬ 404 è¡Œ.
NOTIC: [8192] preg_replace(): The /e modifier is deprecated, use preg_replace_callback instead C:\AppServ\www\group\ThinkPHP\Lib\Template\ThinkTemplate.class.php ç¬¬ 404 è¡Œ.
NOTIC: [8192] preg_replace(): The /e modifier is deprecated, use preg_replace_callback instead C:\AppServ\www\group\ThinkPHP\Lib\Template\ThinkTemplate.class.php ç¬¬ 404 è¡Œ.
NOTIC: [8192] preg_replace(): The /e modifier is deprecated, use preg_replace_callback instead C:\AppServ\www\group\ThinkPHP\Lib\Template\ThinkTemplate.class.php ç¬¬ 404 è¡Œ.
NOTIC: [8192] preg_replace(): The /e modifier is deprecated, use preg_replace_callback instead C:\AppServ\www\group\ThinkPHP\Lib\Template\ThinkTemplate.class.php ç¬¬ 404 è¡Œ.
NOTIC: [8192] preg_replace(): The /e modifier is deprecated, use preg_replace_callback instead C:\AppServ\www\group\ThinkPHP\Lib\Template\ThinkTemplate.class.php ç¬¬ 404 è¡Œ.
NOTIC: [8192] preg_replace(): The /e modifier is deprecated, use preg_replace_callback instead C:\AppServ\www\group\ThinkPHP\Lib\Template\ThinkTemplate.class.php ç¬¬ 404 è¡Œ.
NOTIC: [8192] preg_replace(): The /e modifier is deprecated, use preg_replace_callback instead C:\AppServ\www\group\ThinkPHP\Lib\Template\ThinkTemplate.class.php ç¬¬ 404 è¡Œ.
NOTIC: [8192] preg_replace(): The /e modifier is deprecated, use preg_replace_callback instead C:\AppServ\www\group\ThinkPHP\Lib\Template\ThinkTemplate.class.php ç¬¬ 404 è¡Œ.
NOTIC: [8192] preg_replace(): The /e modifier is deprecated, use preg_replace_callback instead C:\AppServ\www\group\ThinkPHP\Lib\Template\ThinkTemplate.class.php ç¬¬ 404 è¡Œ.
NOTIC: [8192] preg_replace(): The /e modifier is deprecated, use preg_replace_callback instead C:\AppServ\www\group\ThinkPHP\Lib\Template\ThinkTemplate.class.php ç¬¬ 404 è¡Œ.
NOTIC: [8192] preg_replace(): The /e modifier is deprecated, use preg_replace_callback instead C:\AppServ\www\group\ThinkPHP\Lib\Template\ThinkTemplate.class.php ç¬¬ 404 è¡Œ.
NOTIC: [8192] preg_replace(): The /e modifier is deprecated, use preg_replace_callback instead C:\AppServ\www\group\ThinkPHP\Lib\Template\ThinkTemplate.class.php ç¬¬ 404 è¡Œ.
NOTIC: [8192] preg_replace(): The /e modifier is deprecated, use preg_replace_callback instead C:\AppServ\www\group\ThinkPHP\Lib\Template\ThinkTemplate.class.php ç¬¬ 404 è¡Œ.
NOTIC: [8192] preg_replace(): The /e modifier is deprecated, use preg_replace_callback instead C:\AppServ\www\group\ThinkPHP\Lib\Template\ThinkTemplate.class.php ç¬¬ 404 è¡Œ.
NOTIC: [8192] preg_replace(): The /e modifier is deprecated, use preg_replace_callback instead C:\AppServ\www\group\ThinkPHP\Lib\Template\ThinkTemplate.class.php ç¬¬ 404 è¡Œ.
NOTIC: [8192] preg_replace(): The /e modifier is deprecated, use preg_replace_callback instead C:\AppServ\www\group\ThinkPHP\Lib\Template\ThinkTemplate.class.php ç¬¬ 404 è¡Œ.
NOTIC: [8192] preg_replace(): The /e modifier is deprecated, use preg_replace_callback instead C:\AppServ\www\group\ThinkPHP\Lib\Template\ThinkTemplate.class.php ç¬¬ 404 è¡Œ.
NOTIC: [8192] preg_replace(): The /e modifier is deprecated, use preg_replace_callback instead C:\AppServ\www\group\ThinkPHP\Lib\Template\ThinkTemplate.class.php ç¬¬ 404 è¡Œ.
NOTIC: [8192] preg_replace(): The /e modifier is deprecated, use preg_replace_callback instead C:\AppServ\www\group\ThinkPHP\Lib\Template\ThinkTemplate.class.php ç¬¬ 404 è¡Œ.
NOTIC: [8192] preg_replace(): The /e modifier is deprecated, use preg_replace_callback instead C:\AppServ\www\group\ThinkPHP\Lib\Template\ThinkTemplate.class.php ç¬¬ 404 è¡Œ.
NOTIC: [8192] preg_replace(): The /e modifier is deprecated, use preg_replace_callback instead C:\AppServ\www\group\ThinkPHP\Lib\Template\ThinkTemplate.class.php ç¬¬ 404 è¡Œ.
NOTIC: [8192] preg_replace(): The /e modifier is deprecated, use preg_replace_callback instead C:\AppServ\www\group\ThinkPHP\Lib\Template\ThinkTemplate.class.php ç¬¬ 404 è¡Œ.
NOTIC: [8192] preg_replace(): The /e modifier is deprecated, use preg_replace_callback instead C:\AppServ\www\group\ThinkPHP\Lib\Template\ThinkTemplate.class.php ç¬¬ 404 è¡Œ.
NOTIC: [8192] preg_replace(): The /e modifier is deprecated, use preg_replace_callback instead C:\AppServ\www\group\ThinkPHP\Lib\Template\ThinkTemplate.class.php ç¬¬ 404 è¡Œ.
NOTIC: [8192] preg_replace(): The /e modifier is deprecated, use preg_replace_callback instead C:\AppServ\www\group\ThinkPHP\Lib\Template\ThinkTemplate.class.php ç¬¬ 399 è¡Œ.
NOTIC: [8192] preg_replace(): The /e modifier is deprecated, use preg_replace_callback instead C:\AppServ\www\group\ThinkPHP\Lib\Template\ThinkTemplate.class.php ç¬¬ 399 è¡Œ.
NOTIC: [8192] preg_replace(): The /e modifier is deprecated, use preg_replace_callback instead C:\AppServ\www\group\ThinkPHP\Lib\Template\ThinkTemplate.class.php ç¬¬ 399 è¡Œ.
NOTIC: [8192] preg_replace(): The /e modifier is deprecated, use preg_replace_callback instead C:\AppServ\www\group\ThinkPHP\Lib\Template\ThinkTemplate.class.php ç¬¬ 399 è¡Œ.
NOTIC: [8192] preg_replace(): The /e modifier is deprecated, use preg_replace_callback instead C:\AppServ\www\group\ThinkPHP\Lib\Template\ThinkTemplate.class.php ç¬¬ 399 è¡Œ.
NOTIC: [8192] preg_replace(): The /e modifier is deprecated, use preg_replace_callback instead C:\AppServ\www\group\ThinkPHP\Lib\Template\ThinkTemplate.class.php ç¬¬ 399 è¡Œ.
NOTIC: [8192] preg_replace(): The /e modifier is deprecated, use preg_replace_callback instead C:\AppServ\www\group\ThinkPHP\Lib\Template\ThinkTemplate.class.php ç¬¬ 404 è¡Œ.
NOTIC: [8192] preg_replace(): The /e modifier is deprecated, use preg_replace_callback instead C:\AppServ\www\group\ThinkPHP\Lib\Template\ThinkTemplate.class.php ç¬¬ 404 è¡Œ.
NOTIC: [8192] preg_replace(): The /e modifier is deprecated, use preg_replace_callback instead C:\AppServ\www\group\ThinkPHP\Lib\Template\ThinkTemplate.class.php ç¬¬ 404 è¡Œ.
NOTIC: [8192] preg_replace(): The /e modifier is deprecated, use preg_replace_callback instead C:\AppServ\www\group\ThinkPHP\Lib\Template\ThinkTemplate.class.php ç¬¬ 197 è¡Œ.
NOTIC: [8192] preg_replace(): The /e modifier is deprecated, use preg_replace_callback instead C:\AppServ\www\group\ThinkPHP\Lib\Template\ThinkTemplate.class.php ç¬¬ 137 è¡Œ.
INFO: ParseTemplate Behavior ::run [ RunTime:0.096284s ]
INFO: [ view_parse ] --END-- [ RunTime:0.096389s ]
INFO: [ view_filter ] --START--
INFO: ContentReplace Behavior ::run [ RunTime:0.020212s ]
INFO: TokenBuild Behavior ::run [ RunTime:0.027454s ]
INFO: WriteHtmlCache Behavior ::run [ RunTime:0.014568s ]
INFO: ShowRuntime Behavior ::run [ RunTime:0.014899s ]
INFO: [ view_filter ] --END-- [ RunTime:0.077481s ]
INFO: [ view_end ] --START--
INFO: ShowPageTrace Behavior ::run [ RunTime:0.011907s ]
INFO: [ view_end ] --END-- [ RunTime:0.011994s ]

[ 2016-05-25T15:19:23+08:00 ] 127.0.0.1 /group/index.php/Admin
INFO: [ route_check ] --START--
INFO: CheckRoute Behavior ::run [ RunTime:0.060001s ]
INFO: [ route_check ] --END-- [ RunTime:0.060163s ]
NOTIC: [8192] preg_replace(): The /e modifier is deprecated, use preg_replace_callback instead C:\AppServ\www\group\ThinkPHP\Lib\Core\Dispatcher.class.php ç¬¬ 132 è¡Œ.
INFO: [ app_begin ] --START--
INFO: ReadHtmlCache Behavior ::run [ RunTime:0.002082s ]
INFO: [ app_begin ] --END-- [ RunTime:0.002346s ]

[ 2016-05-25T15:19:23+08:00 ] 127.0.0.1 /group/index.php/Admin/Login/index.html
INFO: [ route_check ] --START--
INFO: CheckRoute Behavior ::run [ RunTime:0.001428s ]
INFO: [ route_check ] --END-- [ RunTime:0.001558s ]
NOTIC: [8192] preg_replace(): The /e modifier is deprecated, use preg_replace_callback instead C:\AppServ\www\group\ThinkPHP\Lib\Core\Dispatcher.class.php ç¬¬ 132 è¡Œ.
INFO: [ app_begin ] --START--
INFO: ReadHtmlCache Behavior ::run [ RunTime:0.002169s ]
INFO: [ app_begin ] --END-- [ RunTime:0.002292s ]
INFO: [ view_parse ] --START--
NOTIC: [8192] preg_replace(): The /e modifier is deprecated, use preg_replace_callback instead C:\AppServ\www\group\ThinkPHP\Lib\Template\ThinkTemplate.class.php ç¬¬ 273 è¡Œ.
NOTIC: [8192] preg_replace(): The /e modifier is deprecated, use preg_replace_callback instead C:\AppServ\www\group\ThinkPHP\Lib\Template\ThinkTemplate.class.php ç¬¬ 168 è¡Œ.
NOTIC: [8192] preg_replace(): The /e modifier is deprecated, use preg_replace_callback instead C:\AppServ\www\group\ThinkPHP\Lib\Template\ThinkTemplate.class.php ç¬¬ 404 è¡Œ.
NOTIC: [8192] preg_replace(): The /e modifier is deprecated, use preg_replace_callback instead C:\AppServ\www\group\ThinkPHP\Lib\Template\ThinkTemplate.class.php ç¬¬ 404 è¡Œ.
NOTIC: [8192] preg_replace(): The /e modifier is deprecated, use preg_replace_callback instead C:\AppServ\www\group\ThinkPHP\Lib\Template\ThinkTemplate.class.php ç¬¬ 404 è¡Œ.
NOTIC: [8192] preg_replace(): The /e modifier is deprecated, use preg_replace_callback instead C:\AppServ\www\group\ThinkPHP\Lib\Template\ThinkTemplate.class.php ç¬¬ 404 è¡Œ.
NOTIC: [8192] preg_replace(): The /e modifier is deprecated, use preg_replace_callback instead C:\AppServ\www\group\ThinkPHP\Lib\Template\ThinkTemplate.class.php ç¬¬ 404 è¡Œ.
NOTIC: [8192] preg_replace(): The /e modifier is deprecated, use preg_replace_callback instead C:\AppServ\www\group\ThinkPHP\Lib\Template\ThinkTemplate.class.php ç¬¬ 404 è¡Œ.
NOTIC: [8192] preg_replace(): The /e modifier is deprecated, use preg_replace_callback instead C:\AppServ\www\group\ThinkPHP\Lib\Template\ThinkTemplate.class.php ç¬¬ 404 è¡Œ.
NOTIC: [8192] preg_replace(): The /e modifier is deprecated, use preg_replace_callback instead C:\AppServ\www\group\ThinkPHP\Lib\Template\ThinkTemplate.class.php ç¬¬ 404 è¡Œ.
NOTIC: [8192] preg_replace(): The /e modifier is deprecated, use preg_replace_callback instead C:\AppServ\www\group\ThinkPHP\Lib\Template\ThinkTemplate.class.php ç¬¬ 404 è¡Œ.
NOTIC: [8192] preg_replace(): The /e modifier is deprecated, use preg_replace_callback instead C:\AppServ\www\group\ThinkPHP\Lib\Template\ThinkTemplate.class.php ç¬¬ 404 è¡Œ.
NOTIC: [8192] preg_replace(): The /e modifier is deprecated, use preg_replace_callback instead C:\AppServ\www\group\ThinkPHP\Lib\Template\ThinkTemplate.class.php ç¬¬ 404 è¡Œ.
NOTIC: [8192] preg_replace(): The /e modifier is deprecated, use preg_replace_callback instead C:\AppServ\www\group\ThinkPHP\Lib\Template\ThinkTemplate.class.php ç¬¬ 404 è¡Œ.
NOTIC: [8192] preg_replace(): The /e modifier is deprecated, use preg_replace_callback instead C:\AppServ\www\group\ThinkPHP\Lib\Template\ThinkTemplate.class.php ç¬¬ 399 è¡Œ.
NOTIC: [8192] preg_replace(): The /e modifier is deprecated, use preg_replace_callback instead C:\AppServ\www\group\ThinkPHP\Lib\Template\ThinkTemplate.class.php ç¬¬ 399 è¡Œ.
NOTIC: [8192] preg_replace(): The /e modifier is deprecated, use preg_replace_callback instead C:\AppServ\www\group\ThinkPHP\Lib\Template\ThinkTemplate.class.php ç¬¬ 404 è¡Œ.
NOTIC: [8192] preg_replace(): The /e modifier is deprecated, use preg_replace_callback instead C:\AppServ\www\group\ThinkPHP\Lib\Template\ThinkTemplate.class.php ç¬¬ 404 è¡Œ.
NOTIC: [8192] preg_replace(): The /e modifier is deprecated, use preg_replace_callback instead C:\AppServ\www\group\ThinkPHP\Lib\Template\ThinkTemplate.class.php ç¬¬ 404 è¡Œ.
NOTIC: [8192] preg_replace(): The /e modifier is deprecated, use preg_replace_callback instead C:\AppServ\www\group\ThinkPHP\Lib\Template\ThinkTemplate.class.php ç¬¬ 399 è¡Œ.
NOTIC: [8192] preg_replace(): The /e modifier is deprecated, use preg_replace_callback instead C:\AppServ\www\group\ThinkPHP\Lib\Template\ThinkTemplate.class.php ç¬¬ 404 è¡Œ.
NOTIC: [8192] preg_replace(): The /e modifier is deprecated, use preg_replace_callback instead C:\AppServ\www\group\ThinkPHP\Lib\Template\ThinkTemplate.class.php ç¬¬ 404 è¡Œ.
NOTIC: [8192] preg_replace(): The /e modifier is deprecated, use preg_replace_callback instead C:\AppServ\www\group\ThinkPHP\Lib\Template\ThinkTemplate.class.php ç¬¬ 404 è¡Œ.
NOTIC: [8192] preg_replace(): The /e modifier is deprecated, use preg_replace_callback instead C:\AppServ\www\group\ThinkPHP\Lib\Template\ThinkTemplate.class.php ç¬¬ 404 è¡Œ.
NOTIC: [8192] preg_replace(): The /e modifier is deprecated, use preg_replace_callback instead C:\AppServ\www\group\ThinkPHP\Lib\Template\ThinkTemplate.class.php ç¬¬ 404 è¡Œ.
NOTIC: [8192] preg_replace(): The /e modifier is deprecated, use preg_replace_callback instead C:\AppServ\www\group\ThinkPHP\Lib\Template\ThinkTemplate.class.php ç¬¬ 404 è¡Œ.
NOTIC: [8192] preg_replace(): The /e modifier is deprecated, use preg_replace_callback instead C:\AppServ\www\group\ThinkPHP\Lib\Template\ThinkTemplate.class.php ç¬¬ 404 è¡Œ.
NOTIC: [8192] preg_replace(): The /e modifier is deprecated, use preg_replace_callback instead C:\AppServ\www\group\ThinkPHP\Lib\Template\ThinkTemplate.class.php ç¬¬ 404 è¡Œ.
NOTIC: [8192] preg_replace(): The /e modifier is deprecated, use preg_replace_callback instead C:\AppServ\www\group\ThinkPHP\Lib\Template\ThinkTemplate.class.php ç¬¬ 404 è¡Œ.
NOTIC: [8192] preg_replace(): The /e modifier is deprecated, use preg_replace_callback instead C:\AppServ\www\group\ThinkPHP\Lib\Template\ThinkTemplate.class.php ç¬¬ 404 è¡Œ.
NOTIC: [8192] preg_replace(): The /e modifier is deprecated, use preg_replace_callback instead C:\AppServ\www\group\ThinkPHP\Lib\Template\ThinkTemplate.class.php ç¬¬ 404 è¡Œ.
NOTIC: [8192] preg_replace(): The /e modifier is deprecated, use preg_replace_callback instead C:\AppServ\www\group\ThinkPHP\Lib\Template\ThinkTemplate.class.php ç¬¬ 404 è¡Œ.
NOTIC: [8192] preg_replace(): The /e modifier is deprecated, use preg_replace_callback instead C:\AppServ\www\group\ThinkPHP\Lib\Template\ThinkTemplate.class.php ç¬¬ 404 è¡Œ.
NOTIC: [8192] preg_replace(): The /e modifier is deprecated, use preg_replace_callback instead C:\AppServ\www\group\ThinkPHP\Lib\Template\ThinkTemplate.class.php ç¬¬ 404 è¡Œ.
NOTIC: [8192] preg_replace(): The /e modifier is deprecated, use preg_replace_callback instead C:\AppServ\www\group\ThinkPHP\Lib\Template\ThinkTemplate.class.php ç¬¬ 404 è¡Œ.
NOTIC: [8192] preg_replace(): The /e modifier is deprecated, use preg_replace_callback instead C:\AppServ\www\group\ThinkPHP\Lib\Template\ThinkTemplate.class.php ç¬¬ 404 è¡Œ.
NOTIC: [8192] preg_replace(): The /e modifier is deprecated, use preg_replace_callback instead C:\AppServ\www\group\ThinkPHP\Lib\Template\ThinkTemplate.class.php ç¬¬ 404 è¡Œ.
NOTIC: [8192] preg_replace(): The /e modifier is deprecated, use preg_replace_callback instead C:\AppServ\www\group\ThinkPHP\Lib\Template\ThinkTemplate.class.php ç¬¬ 404 è¡Œ.
NOTIC: [8192] preg_replace(): The /e modifier is deprecated, use preg_replace_callback instead C:\AppServ\www\group\ThinkPHP\Lib\Template\ThinkTemplate.class.php ç¬¬ 404 è¡Œ.
NOTIC: [8192] preg_replace(): The /e modifier is deprecated, use preg_replace_callback instead C:\AppServ\www\group\ThinkPHP\Lib\Template\ThinkTemplate.class.php ç¬¬ 404 è¡Œ.
NOTIC: [8192] preg_replace(): The /e modifier is deprecated, use preg_replace_callback instead C:\AppServ\www\group\ThinkPHP\Lib\Template\ThinkTemplate.class.php ç¬¬ 404 è¡Œ.
NOTIC: [8192] preg_replace(): The /e modifier is deprecated, use preg_replace_callback instead C:\AppServ\www\group\ThinkPHP\Lib\Template\ThinkTemplate.class.php ç¬¬ 404 è¡Œ.
NOTIC: [8192] preg_replace(): The /e modifier is deprecated, use preg_replace_callback instead C:\AppServ\www\group\ThinkPHP\Lib\Template\ThinkTemplate.class.php ç¬¬ 404 è¡Œ.
NOTIC: [8192] preg_replace(): The /e modifier is deprecated, use preg_replace_callback instead C:\AppServ\www\group\ThinkPHP\Lib\Template\ThinkTemplate.class.php ç¬¬ 404 è¡Œ.
NOTIC: [8192] preg_replace(): The /e modifier is deprecated, use preg_replace_callback instead C:\AppServ\www\group\ThinkPHP\Lib\Template\ThinkTemplate.class.php ç¬¬ 404 è¡Œ.
NOTIC: [8192] preg_replace(): The /e modifier is deprecated, use preg_replace_callback instead C:\AppServ\www\group\ThinkPHP\Lib\Template\ThinkTemplate.class.php ç¬¬ 404 è¡Œ.
NOTIC: [8192] preg_replace(): The /e modifier is deprecated, use preg_replace_callback instead C:\AppServ\www\group\ThinkPHP\Lib\Template\ThinkTemplate.class.php ç¬¬ 404 è¡Œ.
NOTIC: [8192] preg_replace(): The /e modifier is deprecated, use preg_replace_callback instead C:\AppServ\www\group\ThinkPHP\Lib\Template\ThinkTemplate.class.php ç¬¬ 404 è¡Œ.
NOTIC: [8192] preg_replace(): The /e modifier is deprecated, use preg_replace_callback instead C:\AppServ\www\group\ThinkPHP\Lib\Template\ThinkTemplate.class.php ç¬¬ 404 è¡Œ.
NOTIC: [8192] preg_replace(): The /e modifier is deprecated, use preg_replace_callback instead C:\AppServ\www\group\ThinkPHP\Lib\Template\ThinkTemplate.class.php ç¬¬ 404 è¡Œ.
NOTIC: [8192] preg_replace(): The /e modifier is deprecated, use preg_replace_callback instead C:\AppServ\www\group\ThinkPHP\Lib\Template\ThinkTemplate.class.php ç¬¬ 404 è¡Œ.
NOTIC: [8192] preg_replace(): The /e modifier is deprecated, use preg_replace_callback instead C:\AppServ\www\group\ThinkPHP\Lib\Template\ThinkTemplate.class.php ç¬¬ 404 è¡Œ.
NOTIC: [8192] preg_replace(): The /e modifier is deprecated, use preg_replace_callback instead C:\AppServ\www\group\ThinkPHP\Lib\Template\ThinkTemplate.class.php ç¬¬ 404 è¡Œ.
NOTIC: [8192] preg_replace(): The /e modifier is deprecated, use preg_replace_callback instead C:\AppServ\www\group\ThinkPHP\Lib\Template\ThinkTemplate.class.php ç¬¬ 404 è¡Œ.
NOTIC: [8192] preg_replace(): The /e modifier is deprecated, use preg_replace_callback instead C:\AppServ\www\group\ThinkPHP\Lib\Template\ThinkTemplate.class.php ç¬¬ 404 è¡Œ.
NOTIC: [8192] preg_replace(): The /e modifier is deprecated, use preg_replace_callback instead C:\AppServ\www\group\ThinkPHP\Lib\Template\ThinkTemplate.class.php ç¬¬ 404 è¡Œ.
NOTIC: [8192] preg_replace(): The /e modifier is deprecated, use preg_replace_callback instead C:\AppServ\www\group\ThinkPHP\Lib\Template\ThinkTemplate.class.php ç¬¬ 404 è¡Œ.
NOTIC: [8192] preg_replace(): The /e modifier is deprecated, use preg_replace_callback instead C:\AppServ\www\group\ThinkPHP\Lib\Template\ThinkTemplate.class.php ç¬¬ 404 è¡Œ.
NOTIC: [8192] preg_replace(): The /e modifier is deprecated, use preg_replace_callback instead C:\AppServ\www\group\ThinkPHP\Lib\Template\ThinkTemplate.class.php ç¬¬ 404 è¡Œ.
NOTIC: [8192] preg_replace(): The /e modifier is deprecated, use preg_replace_callback instead C:\AppServ\www\group\ThinkPHP\Lib\Template\ThinkTemplate.class.php ç¬¬ 404 è¡Œ.
NOTIC: [8192] preg_replace(): The /e modifier is deprecated, use preg_replace_callback instead C:\AppServ\www\group\ThinkPHP\Lib\Template\ThinkTemplate.class.php ç¬¬ 404 è¡Œ.
NOTIC: [8192] preg_replace(): The /e modifier is deprecated, use preg_replace_callback instead C:\AppServ\www\group\ThinkPHP\Lib\Template\ThinkTemplate.class.php ç¬¬ 404 è¡Œ.
NOTIC: [8192] preg_replace(): The /e modifier is deprecated, use preg_replace_callback instead C:\AppServ\www\group\ThinkPHP\Lib\Template\ThinkTemplate.class.php ç¬¬ 404 è¡Œ.
NOTIC: [8192] preg_replace(): The /e modifier is deprecated, use preg_replace_callback instead C:\AppServ\www\group\ThinkPHP\Lib\Template\ThinkTemplate.class.php ç¬¬ 404 è¡Œ.
NOTIC: [8192] preg_replace(): The /e modifier is deprecated, use preg_replace_callback instead C:\AppServ\www\group\ThinkPHP\Lib\Template\ThinkTemplate.class.php ç¬¬ 404 è¡Œ.
NOTIC: [8192] preg_replace(): The /e modifier is deprecated, use preg_replace_callback instead C:\AppServ\www\group\ThinkPHP\Lib\Template\ThinkTemplate.class.php ç¬¬ 404 è¡Œ.
NOTIC: [8192] preg_replace(): The /e modifier is deprecated, use preg_replace_callback instead C:\AppServ\www\group\ThinkPHP\Lib\Template\ThinkTemplate.class.php ç¬¬ 404 è¡Œ.
NOTIC: [8192] preg_replace(): The /e modifier is deprecated, use preg_replace_callback instead C:\AppServ\www\group\ThinkPHP\Lib\Template\ThinkTemplate.class.php ç¬¬ 404 è¡Œ.
NOTIC: [8192] preg_replace(): The /e modifier is deprecated, use preg_replace_callback instead C:\AppServ\www\group\ThinkPHP\Lib\Template\ThinkTemplate.class.php ç¬¬ 404 è¡Œ.
NOTIC: [8192] preg_replace(): The /e modifier is deprecated, use preg_replace_callback instead C:\AppServ\www\group\ThinkPHP\Lib\Template\ThinkTemplate.class.php ç¬¬ 404 è¡Œ.
NOTIC: [8192] preg_replace(): The /e modifier is deprecated, use preg_replace_callback instead C:\AppServ\www\group\ThinkPHP\Lib\Template\ThinkTemplate.class.php ç¬¬ 404 è¡Œ.
NOTIC: [8192] preg_replace(): The /e modifier is deprecated, use preg_replace_callback instead C:\AppServ\www\group\ThinkPHP\Lib\Template\ThinkTemplate.class.php ç¬¬ 404 è¡Œ.
NOTIC: [8192] preg_replace(): The /e modifier is deprecated, use preg_replace_callback instead C:\AppServ\www\group\ThinkPHP\Lib\Template\ThinkTemplate.class.php ç¬¬ 404 è¡Œ.
NOTIC: [8192] preg_replace(): The /e modifier is deprecated, use preg_replace_callback instead C:\AppServ\www\group\ThinkPHP\Lib\Template\ThinkTemplate.class.php ç¬¬ 404 è¡Œ.
NOTIC: [8192] preg_replace(): The /e modifier is deprecated, use preg_replace_callback instead C:\AppServ\www\group\ThinkPHP\Lib\Template\ThinkTemplate.class.php ç¬¬ 404 è¡Œ.
NOTIC: [8192] preg_replace(): The /e modifier is deprecated, use preg_replace_callback instead C:\AppServ\www\group\ThinkPHP\Lib\Template\ThinkTemplate.class.php ç¬¬ 404 è¡Œ.
NOTIC: [8192] preg_replace(): The /e modifier is deprecated, use preg_replace_callback instead C:\AppServ\www\group\ThinkPHP\Lib\Template\ThinkTemplate.class.php ç¬¬ 404 è¡Œ.
NOTIC: [8192] preg_replace(): The /e modifier is deprecated, use preg_replace_callback instead C:\AppServ\www\group\ThinkPHP\Lib\Template\ThinkTemplate.class.php ç¬¬ 404 è¡Œ.
NOTIC: [8192] preg_replace(): The /e modifier is deprecated, use preg_replace_callback instead C:\AppServ\www\group\ThinkPHP\Lib\Template\ThinkTemplate.class.php ç¬¬ 404 è¡Œ.
NOTIC: [8192] preg_replace(): The /e modifier is deprecated, use preg_replace_callback instead C:\AppServ\www\group\ThinkPHP\Lib\Template\ThinkTemplate.class.php ç¬¬ 404 è¡Œ.
NOTIC: [8192] preg_replace(): The /e modifier is deprecated, use preg_replace_callback instead C:\AppServ\www\group\ThinkPHP\Lib\Template\ThinkTemplate.class.php ç¬¬ 404 è¡Œ.
NOTIC: [8192] preg_replace(): The /e modifier is deprecated, use preg_replace_callback instead C:\AppServ\www\group\ThinkPHP\Lib\Template\ThinkTemplate.class.php ç¬¬ 404 è¡Œ.
NOTIC: [8192] preg_replace(): The /e modifier is deprecated, use preg_replace_callback instead C:\AppServ\www\group\ThinkPHP\Lib\Template\ThinkTemplate.class.php ç¬¬ 404 è¡Œ.
NOTIC: [8192] preg_replace(): The /e modifier is deprecated, use preg_replace_callback instead C:\AppServ\www\group\ThinkPHP\Lib\Template\ThinkTemplate.class.php ç¬¬ 404 è¡Œ.
NOTIC: [8192] preg_replace(): The /e modifier is deprecated, use preg_replace_callback instead C:\AppServ\www\group\ThinkPHP\Lib\Template\ThinkTemplate.class.php ç¬¬ 404 è¡Œ.
NOTIC: [8192] preg_replace(): The /e modifier is deprecated, use preg_replace_callback instead C:\AppServ\www\group\ThinkPHP\Lib\Template\ThinkTemplate.class.php ç¬¬ 404 è¡Œ.
NOTIC: [8192] preg_replace(): The /e modifier is deprecated, use preg_replace_callback instead C:\AppServ\www\group\ThinkPHP\Lib\Template\ThinkTemplate.class.php ç¬¬ 399 è¡Œ.
NOTIC: [8192] preg_replace(): The /e modifier is deprecated, use preg_replace_callback instead C:\AppServ\www\group\ThinkPHP\Lib\Template\ThinkTemplate.class.php ç¬¬ 399 è¡Œ.
NOTIC: [8192] preg_replace(): The /e modifier is deprecated, use preg_replace_callback instead C:\AppServ\www\group\ThinkPHP\Lib\Template\ThinkTemplate.class.php ç¬¬ 399 è¡Œ.
NOTIC: [8192] preg_replace(): The /e modifier is deprecated, use preg_replace_callback instead C:\AppServ\www\group\ThinkPHP\Lib\Template\ThinkTemplate.class.php ç¬¬ 399 è¡Œ.
NOTIC: [8192] preg_replace(): The /e modifier is deprecated, use preg_replace_callback instead C:\AppServ\www\group\ThinkPHP\Lib\Template\ThinkTemplate.class.php ç¬¬ 399 è¡Œ.
NOTIC: [8192] preg_replace(): The /e modifier is deprecated, use preg_replace_callback instead C:\AppServ\www\group\ThinkPHP\Lib\Template\ThinkTemplate.class.php ç¬¬ 399 è¡Œ.
NOTIC: [8192] preg_replace(): The /e modifier is deprecated, use preg_replace_callback instead C:\AppServ\www\group\ThinkPHP\Lib\Template\ThinkTemplate.class.php ç¬¬ 404 è¡Œ.
NOTIC: [8192] preg_replace(): The /e modifier is deprecated, use preg_replace_callback instead C:\AppServ\www\group\ThinkPHP\Lib\Template\ThinkTemplate.class.php ç¬¬ 404 è¡Œ.
NOTIC: [8192] preg_replace(): The /e modifier is deprecated, use preg_replace_callback instead C:\AppServ\www\group\ThinkPHP\Lib\Template\ThinkTemplate.class.php ç¬¬ 404 è¡Œ.
NOTIC: [8192] preg_replace(): The /e modifier is deprecated, use preg_replace_callback instead C:\AppServ\www\group\ThinkPHP\Lib\Template\ThinkTemplate.class.php ç¬¬ 197 è¡Œ.
NOTIC: [8192] preg_replace(): The /e modifier is deprecated, use preg_replace_callback instead C:\AppServ\www\group\ThinkPHP\Lib\Template\ThinkTemplate.class.php ç¬¬ 137 è¡Œ.
INFO: ParseTemplate Behavior ::run [ RunTime:0.025467s ]
INFO: [ view_parse ] --END-- [ RunTime:0.025632s ]
INFO: [ view_filter ] --START--
INFO: ContentReplace Behavior ::run [ RunTime:0.001248s ]
INFO: TokenBuild Behavior ::run [ RunTime:0.000722s ]
INFO: WriteHtmlCache Behavior ::run [ RunTime:0.000603s ]
INFO: ShowRuntime Behavior ::run [ RunTime:0.001050s ]
INFO: [ view_filter ] --END-- [ RunTime:0.003848s ]
INFO: [ view_end ] --START--
INFO: ShowPageTrace Behavior ::run [ RunTime:0.001615s ]
INFO: [ view_end ] --END-- [ RunTime:0.001729s ]

[ 2016-05-25T15:19:23+08:00 ] 127.0.0.1 /group/index.php/Admin/Login/verify.html
INFO: [ route_check ] --START--
INFO: CheckRoute Behavior ::run [ RunTime:0.001239s ]
INFO: [ route_check ] --END-- [ RunTime:0.001349s ]
NOTIC: [8192] preg_replace(): The /e modifier is deprecated, use preg_replace_callback instead C:\AppServ\www\group\ThinkPHP\Lib\Core\Dispatcher.class.php ç¬¬ 132 è¡Œ.
INFO: [ app_begin ] --START--
INFO: ReadHtmlCache Behavior ::run [ RunTime:0.001007s ]
INFO: [ app_begin ] --END-- [ RunTime:0.001097s ]

[ 2016-05-25T15:19:27+08:00 ] 127.0.0.1 /group/index.php/Admin/Login/verify/0.2360330151859671
INFO: [ route_check ] --START--
INFO: CheckRoute Behavior ::run [ RunTime:0.000913s ]
INFO: [ route_check ] --END-- [ RunTime:0.000997s ]
NOTIC: [8192] preg_replace(): The /e modifier is deprecated, use preg_replace_callback instead C:\AppServ\www\group\ThinkPHP\Lib\Core\Dispatcher.class.php ç¬¬ 132 è¡Œ.
INFO: [ app_begin ] --START--
INFO: ReadHtmlCache Behavior ::run [ RunTime:0.000687s ]
INFO: [ app_begin ] --END-- [ RunTime:0.000767s ]

[ 2016-05-25T15:19:57+08:00 ] 127.0.0.1 /group/index.php/Admin/Login/login
INFO: [ route_check ] --START--
INFO: CheckRoute Behavior ::run [ RunTime:0.001865s ]
INFO: [ route_check ] --END-- [ RunTime:0.002071s ]
NOTIC: [8192] preg_replace(): The /e modifier is deprecated, use preg_replace_callback instead C:\AppServ\www\group\ThinkPHP\Lib\Core\Dispatcher.class.php ç¬¬ 132 è¡Œ.
INFO: [ app_begin ] --START--
INFO: ReadHtmlCache Behavior ::run [ RunTime:0.000791s ]
INFO: [ app_begin ] --END-- [ RunTime:0.000861s ]
NOTIC: [8192] mysql_connect(): The mysql extension is deprecated and will be removed in the future: use mysqli or PDO instead C:\AppServ\www\group\ThinkPHP\Lib\Driver\Db\DbMysql.class.php ç¬¬ 55 è¡Œ.
SQL: SHOW COLUMNS FROM `wish_user` [ RunTime:0.003500s ]
NOTIC: [8192] preg_replace(): The /e modifier is deprecated, use preg_replace_callback instead C:\AppServ\www\group\ThinkPHP\Lib\Core\Db.class.php ç¬¬ 605 è¡Œ.
SQL: SELECT * FROM `wish_user` LIMIT 1   [ RunTime:0.002135s ]
NOTIC: [8] Use of undefined constant password - assumed 'password' C:\AppServ\www\group\APP\Lib\Action\Admin\LoginAction.class.php ç¬¬ 18 è¡Œ.
NOTIC: [8] Use of undefined constant md5 - assumed 'md5' C:\AppServ\www\group\APP\Lib\Action\Admin\LoginAction.class.php ç¬¬ 18 è¡Œ.
SQL: UPDATE `wish_user` SET `logintime`=1464160797,`loginip`='127.0.0.1' WHERE ( `id` = 1 ) [ RunTime:0.075105s ]

[ 2016-05-25T15:19:57+08:00 ] 127.0.0.1 /group/index.php/Admin/Index/index.html
INFO: [ route_check ] --START--
INFO: CheckRoute Behavior ::run [ RunTime:0.003040s ]
INFO: [ route_check ] --END-- [ RunTime:0.003283s ]
NOTIC: [8192] preg_replace(): The /e modifier is deprecated, use preg_replace_callback instead C:\AppServ\www\group\ThinkPHP\Lib\Core\Dispatcher.class.php ç¬¬ 132 è¡Œ.
INFO: [ app_begin ] --START--
INFO: ReadHtmlCache Behavior ::run [ RunTime:0.001322s ]
INFO: [ app_begin ] --END-- [ RunTime:0.001447s ]
INFO: [ view_parse ] --START--
NOTIC: [8192] preg_replace(): The /e modifier is deprecated, use preg_replace_callback instead C:\AppServ\www\group\ThinkPHP\Lib\Template\ThinkTemplate.class.php ç¬¬ 273 è¡Œ.
NOTIC: [8192] preg_replace(): The /e modifier is deprecated, use preg_replace_callback instead C:\AppServ\www\group\ThinkPHP\Lib\Template\ThinkTemplate.class.php ç¬¬ 168 è¡Œ.
NOTIC: [8192] preg_replace(): The /e modifier is deprecated, use preg_replace_callback instead C:\AppServ\www\group\ThinkPHP\Lib\Template\ThinkTemplate.class.php ç¬¬ 404 è¡Œ.
NOTIC: [8192] preg_replace(): The /e modifier is deprecated, use preg_replace_callback instead C:\AppServ\www\group\ThinkPHP\Lib\Template\ThinkTemplate.class.php ç¬¬ 404 è¡Œ.
NOTIC: [8192] preg_replace(): The /e modifier is deprecated, use preg_replace_callback instead C:\AppServ\www\group\ThinkPHP\Lib\Template\ThinkTemplate.class.php ç¬¬ 404 è¡Œ.
NOTIC: [8192] preg_replace(): The /e modifier is deprecated, use preg_replace_callback instead C:\AppServ\www\group\ThinkPHP\Lib\Template\ThinkTemplate.class.php ç¬¬ 404 è¡Œ.
NOTIC: [8192] preg_replace(): The /e modifier is deprecated, use preg_replace_callback instead C:\AppServ\www\group\ThinkPHP\Lib\Template\ThinkTemplate.class.php ç¬¬ 404 è¡Œ.
NOTIC: [8192] preg_replace(): The /e modifier is deprecated, use preg_replace_callback instead C:\AppServ\www\group\ThinkPHP\Lib\Template\ThinkTemplate.class.php ç¬¬ 404 è¡Œ.
NOTIC: [8192] preg_replace(): The /e modifier is deprecated, use preg_replace_callback instead C:\AppServ\www\group\ThinkPHP\Lib\Template\ThinkTemplate.class.php ç¬¬ 404 è¡Œ.
NOTIC: [8192] preg_replace(): The /e modifier is deprecated, use preg_replace_callback instead C:\AppServ\www\group\ThinkPHP\Lib\Template\ThinkTemplate.class.php ç¬¬ 404 è¡Œ.
NOTIC: [8192] preg_replace(): The /e modifier is deprecated, use preg_replace_callback instead C:\AppServ\www\group\ThinkPHP\Lib\Template\ThinkTemplate.class.php ç¬¬ 404 è¡Œ.
NOTIC: [8192] preg_replace(): The /e modifier is deprecated, use preg_replace_callback instead C:\AppServ\www\group\ThinkPHP\Lib\Template\ThinkTemplate.class.php ç¬¬ 404 è¡Œ.
NOTIC: [8192] preg_replace(): The /e modifier is deprecated, use preg_replace_callback instead C:\AppServ\www\group\ThinkPHP\Lib\Template\ThinkTemplate.class.php ç¬¬ 404 è¡Œ.
NOTIC: [8192] preg_replace(): The /e modifier is deprecated, use preg_replace_callback instead C:\AppServ\www\group\ThinkPHP\Lib\Template\ThinkTemplate.class.php ç¬¬ 404 è¡Œ.
NOTIC: [8192] preg_replace(): The /e modifier is deprecated, use preg_replace_callback instead C:\AppServ\www\group\ThinkPHP\Lib\Template\ThinkTemplate.class.php ç¬¬ 399 è¡Œ.
NOTIC: [8192] preg_replace(): The /e modifier is deprecated, use preg_replace_callback instead C:\AppServ\www\group\ThinkPHP\Lib\Template\ThinkTemplate.class.php ç¬¬ 399 è¡Œ.
NOTIC: [8192] preg_replace(): The /e modifier is deprecated, use preg_replace_callback instead C:\AppServ\www\group\ThinkPHP\Lib\Template\ThinkTemplate.class.php ç¬¬ 404 è¡Œ.
NOTIC: [8192] preg_replace(): The /e modifier is deprecated, use preg_replace_callback instead C:\AppServ\www\group\ThinkPHP\Lib\Template\ThinkTemplate.class.php ç¬¬ 404 è¡Œ.
NOTIC: [8192] preg_replace(): The /e modifier is deprecated, use preg_replace_callback instead C:\AppServ\www\group\ThinkPHP\Lib\Template\ThinkTemplate.class.php ç¬¬ 404 è¡Œ.
NOTIC: [8192] preg_replace(): The /e modifier is deprecated, use preg_replace_callback instead C:\AppServ\www\group\ThinkPHP\Lib\Template\ThinkTemplate.class.php ç¬¬ 399 è¡Œ.
NOTIC: [8192] preg_replace(): The /e modifier is deprecated, use preg_replace_callback instead C:\AppServ\www\group\ThinkPHP\Lib\Template\ThinkTemplate.class.php ç¬¬ 404 è¡Œ.
NOTIC: [8192] preg_replace(): The /e modifier is deprecated, use preg_replace_callback instead C:\AppServ\www\group\ThinkPHP\Lib\Template\ThinkTemplate.class.php ç¬¬ 404 è¡Œ.
NOTIC: [8192] preg_replace(): The /e modifier is deprecated, use preg_replace_callback instead C:\AppServ\www\group\ThinkPHP\Lib\Template\ThinkTemplate.class.php ç¬¬ 404 è¡Œ.
NOTIC: [8192] preg_replace(): The /e modifier is deprecated, use preg_replace_callback instead C:\AppServ\www\group\ThinkPHP\Lib\Template\ThinkTemplate.class.php ç¬¬ 404 è¡Œ.
NOTIC: [8192] preg_replace(): The /e modifier is deprecated, use preg_replace_callback instead C:\AppServ\www\group\ThinkPHP\Lib\Template\ThinkTemplate.class.php ç¬¬ 404 è¡Œ.
NOTIC: [8192] preg_replace(): The /e modifier is deprecated, use preg_replace_callback instead C:\AppServ\www\group\ThinkPHP\Lib\Template\ThinkTemplate.class.php ç¬¬ 404 è¡Œ.
NOTIC: [8192] preg_replace(): The /e modifier is deprecated, use preg_replace_callback instead C:\AppServ\www\group\ThinkPHP\Lib\Template\ThinkTemplate.class.php ç¬¬ 404 è¡Œ.
NOTIC: [8192] preg_replace(): The /e modifier is deprecated, use preg_replace_callback instead C:\AppServ\www\group\ThinkPHP\Lib\Template\ThinkTemplate.class.php ç¬¬ 404 è¡Œ.
NOTIC: [8192] preg_replace(): The /e modifier is deprecated, use preg_replace_callback instead C:\AppServ\www\group\ThinkPHP\Lib\Template\ThinkTemplate.class.php ç¬¬ 404 è¡Œ.
NOTIC: [8192] preg_replace(): The /e modifier is deprecated, use preg_replace_callback instead C:\AppServ\www\group\ThinkPHP\Lib\Template\ThinkTemplate.class.php ç¬¬ 404 è¡Œ.
NOTIC: [8192] preg_replace(): The /e modifier is deprecated, use preg_replace_callback instead C:\AppServ\www\group\ThinkPHP\Lib\Template\ThinkTemplate.class.php ç¬¬ 404 è¡Œ.
NOTIC: [8192] preg_replace(): The /e modifier is deprecated, use preg_replace_callback instead C:\AppServ\www\group\ThinkPHP\Lib\Template\ThinkTemplate.class.php ç¬¬ 404 è¡Œ.
NOTIC: [8192] preg_replace(): The /e modifier is deprecated, use preg_replace_callback instead C:\AppServ\www\group\ThinkPHP\Lib\Template\ThinkTemplate.class.php ç¬¬ 404 è¡Œ.
NOTIC: [8192] preg_replace(): The /e modifier is deprecated, use preg_replace_callback instead C:\AppServ\www\group\ThinkPHP\Lib\Template\ThinkTemplate.class.php ç¬¬ 404 è¡Œ.
NOTIC: [8192] preg_replace(): The /e modifier is deprecated, use preg_replace_callback instead C:\AppServ\www\group\ThinkPHP\Lib\Template\ThinkTemplate.class.php ç¬¬ 404 è¡Œ.
NOTIC: [8192] preg_replace(): The /e modifier is deprecated, use preg_replace_callback instead C:\AppServ\www\group\ThinkPHP\Lib\Template\ThinkTemplate.class.php ç¬¬ 404 è¡Œ.
NOTIC: [8192] preg_replace(): The /e modifier is deprecated, use preg_replace_callback instead C:\AppServ\www\group\ThinkPHP\Lib\Template\ThinkTemplate.class.php ç¬¬ 404 è¡Œ.
NOTIC: [8192] preg_replace(): The /e modifier is deprecated, use preg_replace_callback instead C:\AppServ\www\group\ThinkPHP\Lib\Template\ThinkTemplate.class.php ç¬¬ 404 è¡Œ.
NOTIC: [8192] preg_replace(): The /e modifier is deprecated, use preg_replace_callback instead C:\AppServ\www\group\ThinkPHP\Lib\Template\ThinkTemplate.class.php ç¬¬ 404 è¡Œ.
NOTIC: [8192] preg_replace(): The /e modifier is deprecated, use preg_replace_callback instead C:\AppServ\www\group\ThinkPHP\Lib\Template\ThinkTemplate.class.php ç¬¬ 404 è¡Œ.
NOTIC: [8192] preg_replace(): The /e modifier is deprecated, use preg_replace_callback instead C:\AppServ\www\group\ThinkPHP\Lib\Template\ThinkTemplate.class.php ç¬¬ 404 è¡Œ.
NOTIC: [8192] preg_replace(): The /e modifier is deprecated, use preg_replace_callback instead C:\AppServ\www\group\ThinkPHP\Lib\Template\ThinkTemplate.class.php ç¬¬ 404 è¡Œ.
NOTIC: [8192] preg_replace(): The /e modifier is deprecated, use preg_replace_callback instead C:\AppServ\www\group\ThinkPHP\Lib\Template\ThinkTemplate.class.php ç¬¬ 404 è¡Œ.
NOTIC: [8192] preg_replace(): The /e modifier is deprecated, use preg_replace_callback instead C:\AppServ\www\group\ThinkPHP\Lib\Template\ThinkTemplate.class.php ç¬¬ 404 è¡Œ.
NOTIC: [8192] preg_replace(): The /e modifier is deprecated, use preg_replace_callback instead C:\AppServ\www\group\ThinkPHP\Lib\Template\ThinkTemplate.class.php ç¬¬ 404 è¡Œ.
NOTIC: [8192] preg_replace(): The /e modifier is deprecated, use preg_replace_callback instead C:\AppServ\www\group\ThinkPHP\Lib\Template\ThinkTemplate.class.php ç¬¬ 404 è¡Œ.
NOTIC: [8192] preg_replace(): The /e modifier is deprecated, use preg_replace_callback instead C:\AppServ\www\group\ThinkPHP\Lib\Template\ThinkTemplate.class.php ç¬¬ 404 è¡Œ.
NOTIC: [8192] preg_replace(): The /e modifier is deprecated, use preg_replace_callback instead C:\AppServ\www\group\ThinkPHP\Lib\Template\ThinkTemplate.class.php ç¬¬ 404 è¡Œ.
NOTIC: [8192] preg_replace(): The /e modifier is deprecated, use preg_replace_callback instead C:\AppServ\www\group\ThinkPHP\Lib\Template\ThinkTemplate.class.php ç¬¬ 404 è¡Œ.
NOTIC: [8192] preg_replace(): The /e modifier is deprecated, use preg_replace_callback instead C:\AppServ\www\group\ThinkPHP\Lib\Template\ThinkTemplate.class.php ç¬¬ 404 è¡Œ.
NOTIC: [8192] preg_replace(): The /e modifier is deprecated, use preg_replace_callback instead C:\AppServ\www\group\ThinkPHP\Lib\Template\ThinkTemplate.class.php ç¬¬ 404 è¡Œ.
NOTIC: [8192] preg_replace(): The /e modifier is deprecated, use preg_replace_callback instead C:\AppServ\www\group\ThinkPHP\Lib\Template\ThinkTemplate.class.php ç¬¬ 404 è¡Œ.
NOTIC: [8192] preg_replace(): The /e modifier is deprecated, use preg_replace_callback instead C:\AppServ\www\group\ThinkPHP\Lib\Template\ThinkTemplate.class.php ç¬¬ 404 è¡Œ.
NOTIC: [8192] preg_replace(): The /e modifier is deprecated, use preg_replace_callback instead C:\AppServ\www\group\ThinkPHP\Lib\Template\ThinkTemplate.class.php ç¬¬ 404 è¡Œ.
NOTIC: [8192] preg_replace(): The /e modifier is deprecated, use preg_replace_callback instead C:\AppServ\www\group\ThinkPHP\Lib\Template\ThinkTemplate.class.php ç¬¬ 404 è¡Œ.
NOTIC: [8192] preg_replace(): The /e modifier is deprecated, use preg_replace_callback instead C:\AppServ\www\group\ThinkPHP\Lib\Template\ThinkTemplate.class.php ç¬¬ 404 è¡Œ.
NOTIC: [8192] preg_replace(): The /e modifier is deprecated, use preg_replace_callback instead C:\AppServ\www\group\ThinkPHP\Lib\Template\ThinkTemplate.class.php ç¬¬ 404 è¡Œ.
NOTIC: [8192] preg_replace(): The /e modifier is deprecated, use preg_replace_callback instead C:\AppServ\www\group\ThinkPHP\Lib\Template\ThinkTemplate.class.php ç¬¬ 404 è¡Œ.
NOTIC: [8192] preg_replace(): The /e modifier is deprecated, use preg_replace_callback instead C:\AppServ\www\group\ThinkPHP\Lib\Template\ThinkTemplate.class.php ç¬¬ 404 è¡Œ.
NOTIC: [8192] preg_replace(): The /e modifier is deprecated, use preg_replace_callback instead C:\AppServ\www\group\ThinkPHP\Lib\Template\ThinkTemplate.class.php ç¬¬ 404 è¡Œ.
NOTIC: [8192] preg_replace(): The /e modifier is deprecated, use preg_replace_callback instead C:\AppServ\www\group\ThinkPHP\Lib\Template\ThinkTemplate.class.php ç¬¬ 404 è¡Œ.
NOTIC: [8192] preg_replace(): The /e modifier is deprecated, use preg_replace_callback instead C:\AppServ\www\group\ThinkPHP\Lib\Template\ThinkTemplate.class.php ç¬¬ 404 è¡Œ.
NOTIC: [8192] preg_replace(): The /e modifier is deprecated, use preg_replace_callback instead C:\AppServ\www\group\ThinkPHP\Lib\Template\ThinkTemplate.class.php ç¬¬ 404 è¡Œ.
NOTIC: [8192] preg_replace(): The /e modifier is deprecated, use preg_replace_callback instead C:\AppServ\www\group\ThinkPHP\Lib\Template\ThinkTemplate.class.php ç¬¬ 404 è¡Œ.
NOTIC: [8192] preg_replace(): The /e modifier is deprecated, use preg_replace_callback instead C:\AppServ\www\group\ThinkPHP\Lib\Template\ThinkTemplate.class.php ç¬¬ 404 è¡Œ.
NOTIC: [8192] preg_replace(): The /e modifier is deprecated, use preg_replace_callback instead C:\AppServ\www\group\ThinkPHP\Lib\Template\ThinkTemplate.class.php ç¬¬ 404 è¡Œ.
NOTIC: [8192] preg_replace(): The /e modifier is deprecated, use preg_replace_callback instead C:\AppServ\www\group\ThinkPHP\Lib\Template\ThinkTemplate.class.php ç¬¬ 404 è¡Œ.
NOTIC: [8192] preg_replace(): The /e modifier is deprecated, use preg_replace_callback instead C:\AppServ\www\group\ThinkPHP\Lib\Template\ThinkTemplate.class.php ç¬¬ 404 è¡Œ.
NOTIC: [8192] preg_replace(): The /e modifier is deprecated, use preg_replace_callback instead C:\AppServ\www\group\ThinkPHP\Lib\Template\ThinkTemplate.class.php ç¬¬ 404 è¡Œ.
NOTIC: [8192] preg_replace(): The /e modifier is deprecated, use preg_replace_callback instead C:\AppServ\www\group\ThinkPHP\Lib\Template\ThinkTemplate.class.php ç¬¬ 404 è¡Œ.
NOTIC: [8192] preg_replace(): The /e modifier is deprecated, use preg_replace_callback instead C:\AppServ\www\group\ThinkPHP\Lib\Template\ThinkTemplate.class.php ç¬¬ 404 è¡Œ.
NOTIC: [8192] preg_replace(): The /e modifier is deprecated, use preg_replace_callback instead C:\AppServ\www\group\ThinkPHP\Lib\Template\ThinkTemplate.class.php ç¬¬ 404 è¡Œ.
NOTIC: [8192] preg_replace(): The /e modifier is deprecated, use preg_replace_callback instead C:\AppServ\www\group\ThinkPHP\Lib\Template\ThinkTemplate.class.php ç¬¬ 404 è¡Œ.
NOTIC: [8192] preg_replace(): The /e modifier is deprecated, use preg_replace_callback instead C:\AppServ\www\group\ThinkPHP\Lib\Template\ThinkTemplate.class.php ç¬¬ 404 è¡Œ.
NOTIC: [8192] preg_replace(): The /e modifier is deprecated, use preg_replace_callback instead C:\AppServ\www\group\ThinkPHP\Lib\Template\ThinkTemplate.class.php ç¬¬ 404 è¡Œ.
NOTIC: [8192] preg_replace(): The /e modifier is deprecated, use preg_replace_callback instead C:\AppServ\www\group\ThinkPHP\Lib\Template\ThinkTemplate.class.php ç¬¬ 404 è¡Œ.
NOTIC: [8192] preg_replace(): The /e modifier is deprecated, use preg_replace_callback instead C:\AppServ\www\group\ThinkPHP\Lib\Template\ThinkTemplate.class.php ç¬¬ 404 è¡Œ.
NOTIC: [8192] preg_replace(): The /e modifier is deprecated, use preg_replace_callback instead C:\AppServ\www\group\ThinkPHP\Lib\Template\ThinkTemplate.class.php ç¬¬ 404 è¡Œ.
NOTIC: [8192] preg_replace(): The /e modifier is deprecated, use preg_replace_callback instead C:\AppServ\www\group\ThinkPHP\Lib\Template\ThinkTemplate.class.php ç¬¬ 404 è¡Œ.
NOTIC: [8192] preg_replace(): The /e modifier is deprecated, use preg_replace_callback instead C:\AppServ\www\group\ThinkPHP\Lib\Template\ThinkTemplate.class.php ç¬¬ 404 è¡Œ.
NOTIC: [8192] preg_replace(): The /e modifier is deprecated, use preg_replace_callback instead C:\AppServ\www\group\ThinkPHP\Lib\Template\ThinkTemplate.class.php ç¬¬ 404 è¡Œ.
NOTIC: [8192] preg_replace(): The /e modifier is deprecated, use preg_replace_callback instead C:\AppServ\www\group\ThinkPHP\Lib\Template\ThinkTemplate.class.php ç¬¬ 404 è¡Œ.
NOTIC: [8192] preg_replace(): The /e modifier is deprecated, use preg_replace_callback instead C:\AppServ\www\group\ThinkPHP\Lib\Template\ThinkTemplate.class.php ç¬¬ 404 è¡Œ.
NOTIC: [8192] preg_replace(): The /e modifier is deprecated, use preg_replace_callback instead C:\AppServ\www\group\ThinkPHP\Lib\Template\ThinkTemplate.class.php ç¬¬ 404 è¡Œ.
NOTIC: [8192] preg_replace(): The /e modifier is deprecated, use preg_replace_callback instead C:\AppServ\www\group\ThinkPHP\Lib\Template\ThinkTemplate.class.php ç¬¬ 404 è¡Œ.
NOTIC: [8192] preg_replace(): The /e modifier is deprecated, use preg_replace_callback instead C:\AppServ\www\group\ThinkPHP\Lib\Template\ThinkTemplate.class.php ç¬¬ 404 è¡Œ.
NOTIC: [8192] preg_replace(): The /e modifier is deprecated, use preg_replace_callback instead C:\AppServ\www\group\ThinkPHP\Lib\Template\ThinkTemplate.class.php ç¬¬ 399 è¡Œ.
NOTIC: [8192] preg_replace(): The /e modifier is deprecated, use preg_replace_callback instead C:\AppServ\www\group\ThinkPHP\Lib\Template\ThinkTemplate.class.php ç¬¬ 399 è¡Œ.
NOTIC: [8192] preg_replace(): The /e modifier is deprecated, use preg_replace_callback instead C:\AppServ\www\group\ThinkPHP\Lib\Template\ThinkTemplate.class.php ç¬¬ 399 è¡Œ.
NOTIC: [8192] preg_replace(): The /e modifier is deprecated, use preg_replace_callback instead C:\AppServ\www\group\ThinkPHP\Lib\Template\ThinkTemplate.class.php ç¬¬ 399 è¡Œ.
NOTIC: [8192] preg_replace(): The /e modifier is deprecated, use preg_replace_callback instead C:\AppServ\www\group\ThinkPHP\Lib\Template\ThinkTemplate.class.php ç¬¬ 399 è¡Œ.
NOTIC: [8192] preg_replace(): The /e modifier is deprecated, use preg_replace_callback instead C:\AppServ\www\group\ThinkPHP\Lib\Template\ThinkTemplate.class.php ç¬¬ 399 è¡Œ.
NOTIC: [8192] preg_replace(): The /e modifier is deprecated, use preg_replace_callback instead C:\AppServ\www\group\ThinkPHP\Lib\Template\ThinkTemplate.class.php ç¬¬ 404 è¡Œ.
NOTIC: [8192] preg_replace(): The /e modifier is deprecated, use preg_replace_callback instead C:\AppServ\www\group\ThinkPHP\Lib\Template\ThinkTemplate.class.php ç¬¬ 404 è¡Œ.
NOTIC: [8192] preg_replace(): The /e modifier is deprecated, use preg_replace_callback instead C:\AppServ\www\group\ThinkPHP\Lib\Template\ThinkTemplate.class.php ç¬¬ 404 è¡Œ.
NOTIC: [8192] preg_replace(): The /e modifier is deprecated, use preg_replace_callback instead C:\AppServ\www\group\ThinkPHP\Lib\Template\ThinkTemplate.class.php ç¬¬ 197 è¡Œ.
NOTIC: [8192] preg_replace(): The /e modifier is deprecated, use preg_replace_callback instead C:\AppServ\www\group\ThinkPHP\Lib\Template\ThinkTemplate.class.php ç¬¬ 137 è¡Œ.
INFO: ParseTemplate Behavior ::run [ RunTime:0.145147s ]
INFO: [ view_parse ] --END-- [ RunTime:0.145303s ]
INFO: [ view_filter ] --START--
INFO: ContentReplace Behavior ::run [ RunTime:0.000879s ]
INFO: TokenBuild Behavior ::run [ RunTime:0.000897s ]
INFO: WriteHtmlCache Behavior ::run [ RunTime:0.000792s ]
INFO: ShowRuntime Behavior ::run [ RunTime:0.000882s ]
INFO: [ view_filter ] --END-- [ RunTime:0.003690s ]
INFO: [ view_end ] --START--
INFO: ShowPageTrace Behavior ::run [ RunTime:0.001071s ]
INFO: [ view_end ] --END-- [ RunTime:0.001159s ]

[ 2016-05-25T15:19:57+08:00 ] 127.0.0.1 /group/index.php/Admin/Index/index.html
INFO: [ route_check ] --START--
INFO: CheckRoute Behavior ::run [ RunTime:0.001501s ]
INFO: [ route_check ] --END-- [ RunTime:0.001649s ]
NOTIC: [8192] preg_replace(): The /e modifier is deprecated, use preg_replace_callback instead C:\AppServ\www\group\ThinkPHP\Lib\Core\Dispatcher.class.php ç¬¬ 132 è¡Œ.
INFO: [ app_begin ] --START--
INFO: ReadHtmlCache Behavior ::run [ RunTime:0.001149s ]
INFO: [ app_begin ] --END-- [ RunTime:0.001265s ]
INFO: [ view_parse ] --START--
NOTIC: [8192] preg_replace(): The /e modifier is deprecated, use preg_replace_callback instead C:\AppServ\www\group\ThinkPHP\Lib\Template\ThinkTemplate.class.php ç¬¬ 273 è¡Œ.
NOTIC: [8192] preg_replace(): The /e modifier is deprecated, use preg_replace_callback instead C:\AppServ\www\group\ThinkPHP\Lib\Template\ThinkTemplate.class.php ç¬¬ 168 è¡Œ.
NOTIC: [8192] preg_replace(): The /e modifier is deprecated, use preg_replace_callback instead C:\AppServ\www\group\ThinkPHP\Lib\Template\ThinkTemplate.class.php ç¬¬ 404 è¡Œ.
NOTIC: [8192] preg_replace(): The /e modifier is deprecated, use preg_replace_callback instead C:\AppServ\www\group\ThinkPHP\Lib\Template\ThinkTemplate.class.php ç¬¬ 404 è¡Œ.
NOTIC: [8192] preg_replace(): The /e modifier is deprecated, use preg_replace_callback instead C:\AppServ\www\group\ThinkPHP\Lib\Template\ThinkTemplate.class.php ç¬¬ 404 è¡Œ.
NOTIC: [8192] preg_replace(): The /e modifier is deprecated, use preg_replace_callback instead C:\AppServ\www\group\ThinkPHP\Lib\Template\ThinkTemplate.class.php ç¬¬ 404 è¡Œ.
NOTIC: [8192] preg_replace(): The /e modifier is deprecated, use preg_replace_callback instead C:\AppServ\www\group\ThinkPHP\Lib\Template\ThinkTemplate.class.php ç¬¬ 404 è¡Œ.
NOTIC: [8192] preg_replace(): The /e modifier is deprecated, use preg_replace_callback instead C:\AppServ\www\group\ThinkPHP\Lib\Template\ThinkTemplate.class.php ç¬¬ 404 è¡Œ.
NOTIC: [8192] preg_replace(): The /e modifier is deprecated, use preg_replace_callback instead C:\AppServ\www\group\ThinkPHP\Lib\Template\ThinkTemplate.class.php ç¬¬ 404 è¡Œ.
NOTIC: [8192] preg_replace(): The /e modifier is deprecated, use preg_replace_callback instead C:\AppServ\www\group\ThinkPHP\Lib\Template\ThinkTemplate.class.php ç¬¬ 404 è¡Œ.
NOTIC: [8192] preg_replace(): The /e modifier is deprecated, use preg_replace_callback instead C:\AppServ\www\group\ThinkPHP\Lib\Template\ThinkTemplate.class.php ç¬¬ 404 è¡Œ.
NOTIC: [8192] preg_replace(): The /e modifier is deprecated, use preg_replace_callback instead C:\AppServ\www\group\ThinkPHP\Lib\Template\ThinkTemplate.class.php ç¬¬ 404 è¡Œ.
NOTIC: [8192] preg_replace(): The /e modifier is deprecated, use preg_replace_callback instead C:\AppServ\www\group\ThinkPHP\Lib\Template\ThinkTemplate.class.php ç¬¬ 404 è¡Œ.
NOTIC: [8192] preg_replace(): The /e modifier is deprecated, use preg_replace_callback instead C:\AppServ\www\group\ThinkPHP\Lib\Template\ThinkTemplate.class.php ç¬¬ 404 è¡Œ.
NOTIC: [8192] preg_replace(): The /e modifier is deprecated, use preg_replace_callback instead C:\AppServ\www\group\ThinkPHP\Lib\Template\ThinkTemplate.class.php ç¬¬ 399 è¡Œ.
NOTIC: [8192] preg_replace(): The /e modifier is deprecated, use preg_replace_callback instead C:\AppServ\www\group\ThinkPHP\Lib\Template\ThinkTemplate.class.php ç¬¬ 399 è¡Œ.
NOTIC: [8192] preg_replace(): The /e modifier is deprecated, use preg_replace_callback instead C:\AppServ\www\group\ThinkPHP\Lib\Template\ThinkTemplate.class.php ç¬¬ 404 è¡Œ.
NOTIC: [8192] preg_replace(): The /e modifier is deprecated, use preg_replace_callback instead C:\AppServ\www\group\ThinkPHP\Lib\Template\ThinkTemplate.class.php ç¬¬ 404 è¡Œ.
NOTIC: [8192] preg_replace(): The /e modifier is deprecated, use preg_replace_callback instead C:\AppServ\www\group\ThinkPHP\Lib\Template\ThinkTemplate.class.php ç¬¬ 404 è¡Œ.
NOTIC: [8192] preg_replace(): The /e modifier is deprecated, use preg_replace_callback instead C:\AppServ\www\group\ThinkPHP\Lib\Template\ThinkTemplate.class.php ç¬¬ 399 è¡Œ.
NOTIC: [8192] preg_replace(): The /e modifier is deprecated, use preg_replace_callback instead C:\AppServ\www\group\ThinkPHP\Lib\Template\ThinkTemplate.class.php ç¬¬ 404 è¡Œ.
NOTIC: [8192] preg_replace(): The /e modifier is deprecated, use preg_replace_callback instead C:\AppServ\www\group\ThinkPHP\Lib\Template\ThinkTemplate.class.php ç¬¬ 404 è¡Œ.
NOTIC: [8192] preg_replace(): The /e modifier is deprecated, use preg_replace_callback instead C:\AppServ\www\group\ThinkPHP\Lib\Template\ThinkTemplate.class.php ç¬¬ 404 è¡Œ.
NOTIC: [8192] preg_replace(): The /e modifier is deprecated, use preg_replace_callback instead C:\AppServ\www\group\ThinkPHP\Lib\Template\ThinkTemplate.class.php ç¬¬ 404 è¡Œ.
NOTIC: [8192] preg_replace(): The /e modifier is deprecated, use preg_replace_callback instead C:\AppServ\www\group\ThinkPHP\Lib\Template\ThinkTemplate.class.php ç¬¬ 404 è¡Œ.
NOTIC: [8192] preg_replace(): The /e modifier is deprecated, use preg_replace_callback instead C:\AppServ\www\group\ThinkPHP\Lib\Template\ThinkTemplate.class.php ç¬¬ 404 è¡Œ.
NOTIC: [8192] preg_replace(): The /e modifier is deprecated, use preg_replace_callback instead C:\AppServ\www\group\ThinkPHP\Lib\Template\ThinkTemplate.class.php ç¬¬ 404 è¡Œ.
NOTIC: [8192] preg_replace(): The /e modifier is deprecated, use preg_replace_callback instead C:\AppServ\www\group\ThinkPHP\Lib\Template\ThinkTemplate.class.php ç¬¬ 404 è¡Œ.
NOTIC: [8192] preg_replace(): The /e modifier is deprecated, use preg_replace_callback instead C:\AppServ\www\group\ThinkPHP\Lib\Template\ThinkTemplate.class.php ç¬¬ 404 è¡Œ.
NOTIC: [8192] preg_replace(): The /e modifier is deprecated, use preg_replace_callback instead C:\AppServ\www\group\ThinkPHP\Lib\Template\ThinkTemplate.class.php ç¬¬ 404 è¡Œ.
NOTIC: [8192] preg_replace(): The /e modifier is deprecated, use preg_replace_callback instead C:\AppServ\www\group\ThinkPHP\Lib\Template\ThinkTemplate.class.php ç¬¬ 404 è¡Œ.
NOTIC: [8192] preg_replace(): The /e modifier is deprecated, use preg_replace_callback instead C:\AppServ\www\group\ThinkPHP\Lib\Template\ThinkTemplate.class.php ç¬¬ 404 è¡Œ.
NOTIC: [8192] preg_replace(): The /e modifier is deprecated, use preg_replace_callback instead C:\AppServ\www\group\ThinkPHP\Lib\Template\ThinkTemplate.class.php ç¬¬ 404 è¡Œ.
NOTIC: [8192] preg_replace(): The /e modifier is deprecated, use preg_replace_callback instead C:\AppServ\www\group\ThinkPHP\Lib\Template\ThinkTemplate.class.php ç¬¬ 404 è¡Œ.
NOTIC: [8192] preg_replace(): The /e modifier is deprecated, use preg_replace_callback instead C:\AppServ\www\group\ThinkPHP\Lib\Template\ThinkTemplate.class.php ç¬¬ 404 è¡Œ.
NOTIC: [8192] preg_replace(): The /e modifier is deprecated, use preg_replace_callback instead C:\AppServ\www\group\ThinkPHP\Lib\Template\ThinkTemplate.class.php ç¬¬ 404 è¡Œ.
NOTIC: [8192] preg_replace(): The /e modifier is deprecated, use preg_replace_callback instead C:\AppServ\www\group\ThinkPHP\Lib\Template\ThinkTemplate.class.php ç¬¬ 404 è¡Œ.
NOTIC: [8192] preg_replace(): The /e modifier is deprecated, use preg_replace_callback instead C:\AppServ\www\group\ThinkPHP\Lib\Template\ThinkTemplate.class.php ç¬¬ 404 è¡Œ.
NOTIC: [8192] preg_replace(): The /e modifier is deprecated, use preg_replace_callback instead C:\AppServ\www\group\ThinkPHP\Lib\Template\ThinkTemplate.class.php ç¬¬ 404 è¡Œ.
NOTIC: [8192] preg_replace(): The /e modifier is deprecated, use preg_replace_callback instead C:\AppServ\www\group\ThinkPHP\Lib\Template\ThinkTemplate.class.php ç¬¬ 404 è¡Œ.
NOTIC: [8192] preg_replace(): The /e modifier is deprecated, use preg_replace_callback instead C:\AppServ\www\group\ThinkPHP\Lib\Template\ThinkTemplate.class.php ç¬¬ 404 è¡Œ.
NOTIC: [8192] preg_replace(): The /e modifier is deprecated, use preg_replace_callback instead C:\AppServ\www\group\ThinkPHP\Lib\Template\ThinkTemplate.class.php ç¬¬ 404 è¡Œ.
NOTIC: [8192] preg_replace(): The /e modifier is deprecated, use preg_replace_callback instead C:\AppServ\www\group\ThinkPHP\Lib\Template\ThinkTemplate.class.php ç¬¬ 404 è¡Œ.
NOTIC: [8192] preg_replace(): The /e modifier is deprecated, use preg_replace_callback instead C:\AppServ\www\group\ThinkPHP\Lib\Template\ThinkTemplate.class.php ç¬¬ 404 è¡Œ.
NOTIC: [8192] preg_replace(): The /e modifier is deprecated, use preg_replace_callback instead C:\AppServ\www\group\ThinkPHP\Lib\Template\ThinkTemplate.class.php ç¬¬ 404 è¡Œ.
NOTIC: [8192] preg_replace(): The /e modifier is deprecated, use preg_replace_callback instead C:\AppServ\www\group\ThinkPHP\Lib\Template\ThinkTemplate.class.php ç¬¬ 404 è¡Œ.
NOTIC: [8192] preg_replace(): The /e modifier is deprecated, use preg_replace_callback instead C:\AppServ\www\group\ThinkPHP\Lib\Template\ThinkTemplate.class.php ç¬¬ 404 è¡Œ.
NOTIC: [8192] preg_replace(): The /e modifier is deprecated, use preg_replace_callback instead C:\AppServ\www\group\ThinkPHP\Lib\Template\ThinkTemplate.class.php ç¬¬ 404 è¡Œ.
NOTIC: [8192] preg_replace(): The /e modifier is deprecated, use preg_replace_callback instead C:\AppServ\www\group\ThinkPHP\Lib\Template\ThinkTemplate.class.php ç¬¬ 404 è¡Œ.
NOTIC: [8192] preg_replace(): The /e modifier is deprecated, use preg_replace_callback instead C:\AppServ\www\group\ThinkPHP\Lib\Template\ThinkTemplate.class.php ç¬¬ 404 è¡Œ.
NOTIC: [8192] preg_replace(): The /e modifier is deprecated, use preg_replace_callback instead C:\AppServ\www\group\ThinkPHP\Lib\Template\ThinkTemplate.class.php ç¬¬ 404 è¡Œ.
NOTIC: [8192] preg_replace(): The /e modifier is deprecated, use preg_replace_callback instead C:\AppServ\www\group\ThinkPHP\Lib\Template\ThinkTemplate.class.php ç¬¬ 404 è¡Œ.
NOTIC: [8192] preg_replace(): The /e modifier is deprecated, use preg_replace_callback instead C:\AppServ\www\group\ThinkPHP\Lib\Template\ThinkTemplate.class.php ç¬¬ 404 è¡Œ.
NOTIC: [8192] preg_replace(): The /e modifier is deprecated, use preg_replace_callback instead C:\AppServ\www\group\ThinkPHP\Lib\Template\ThinkTemplate.class.php ç¬¬ 404 è¡Œ.
NOTIC: [8192] preg_replace(): The /e modifier is deprecated, use preg_replace_callback instead C:\AppServ\www\group\ThinkPHP\Lib\Template\ThinkTemplate.class.php ç¬¬ 404 è¡Œ.
NOTIC: [8192] preg_replace(): The /e modifier is deprecated, use preg_replace_callback instead C:\AppServ\www\group\ThinkPHP\Lib\Template\ThinkTemplate.class.php ç¬¬ 404 è¡Œ.
NOTIC: [8192] preg_replace(): The /e modifier is deprecated, use preg_replace_callback instead C:\AppServ\www\group\ThinkPHP\Lib\Template\ThinkTemplate.class.php ç¬¬ 404 è¡Œ.
NOTIC: [8192] preg_replace(): The /e modifier is deprecated, use preg_replace_callback instead C:\AppServ\www\group\ThinkPHP\Lib\Template\ThinkTemplate.class.php ç¬¬ 404 è¡Œ.
NOTIC: [8192] preg_replace(): The /e modifier is deprecated, use preg_replace_callback instead C:\AppServ\www\group\ThinkPHP\Lib\Template\ThinkTemplate.class.php ç¬¬ 404 è¡Œ.
NOTIC: [8192] preg_replace(): The /e modifier is deprecated, use preg_replace_callback instead C:\AppServ\www\group\ThinkPHP\Lib\Template\ThinkTemplate.class.php ç¬¬ 404 è¡Œ.
NOTIC: [8192] preg_replace(): The /e modifier is deprecated, use preg_replace_callback instead C:\AppServ\www\group\ThinkPHP\Lib\Template\ThinkTemplate.class.php ç¬¬ 404 è¡Œ.
NOTIC: [8192] preg_replace(): The /e modifier is deprecated, use preg_replace_callback instead C:\AppServ\www\group\ThinkPHP\Lib\Template\ThinkTemplate.class.php ç¬¬ 404 è¡Œ.
NOTIC: [8192] preg_replace(): The /e modifier is deprecated, use preg_replace_callback instead C:\AppServ\www\group\ThinkPHP\Lib\Template\ThinkTemplate.class.php ç¬¬ 404 è¡Œ.
NOTIC: [8192] preg_replace(): The /e modifier is deprecated, use preg_replace_callback instead C:\AppServ\www\group\ThinkPHP\Lib\Template\ThinkTemplate.class.php ç¬¬ 404 è¡Œ.
NOTIC: [8192] preg_replace(): The /e modifier is deprecated, use preg_replace_callback instead C:\AppServ\www\group\ThinkPHP\Lib\Template\ThinkTemplate.class.php ç¬¬ 404 è¡Œ.
NOTIC: [8192] preg_replace(): The /e modifier is deprecated, use preg_replace_callback instead C:\AppServ\www\group\ThinkPHP\Lib\Template\ThinkTemplate.class.php ç¬¬ 404 è¡Œ.
NOTIC: [8192] preg_replace(): The /e modifier is deprecated, use preg_replace_callback instead C:\AppServ\www\group\ThinkPHP\Lib\Template\ThinkTemplate.class.php ç¬¬ 404 è¡Œ.
NOTIC: [8192] preg_replace(): The /e modifier is deprecated, use preg_replace_callback instead C:\AppServ\www\group\ThinkPHP\Lib\Template\ThinkTemplate.class.php ç¬¬ 404 è¡Œ.
NOTIC: [8192] preg_replace(): The /e modifier is deprecated, use preg_replace_callback instead C:\AppServ\www\group\ThinkPHP\Lib\Template\ThinkTemplate.class.php ç¬¬ 404 è¡Œ.
NOTIC: [8192] preg_replace(): The /e modifier is deprecated, use preg_replace_callback instead C:\AppServ\www\group\ThinkPHP\Lib\Template\ThinkTemplate.class.php ç¬¬ 404 è¡Œ.
NOTIC: [8192] preg_replace(): The /e modifier is deprecated, use preg_replace_callback instead C:\AppServ\www\group\ThinkPHP\Lib\Template\ThinkTemplate.class.php ç¬¬ 404 è¡Œ.
NOTIC: [8192] preg_replace(): The /e modifier is deprecated, use preg_replace_callback instead C:\AppServ\www\group\ThinkPHP\Lib\Template\ThinkTemplate.class.php ç¬¬ 404 è¡Œ.
NOTIC: [8192] preg_replace(): The /e modifier is deprecated, use preg_replace_callback instead C:\AppServ\www\group\ThinkPHP\Lib\Template\ThinkTemplate.class.php ç¬¬ 404 è¡Œ.
NOTIC: [8192] preg_replace(): The /e modifier is deprecated, use preg_replace_callback instead C:\AppServ\www\group\ThinkPHP\Lib\Template\ThinkTemplate.class.php ç¬¬ 404 è¡Œ.
NOTIC: [8192] preg_replace(): The /e modifier is deprecated, use preg_replace_callback instead C:\AppServ\www\group\ThinkPHP\Lib\Template\ThinkTemplate.class.php ç¬¬ 404 è¡Œ.
NOTIC: [8192] preg_replace(): The /e modifier is deprecated, use preg_replace_callback instead C:\AppServ\www\group\ThinkPHP\Lib\Template\ThinkTemplate.class.php ç¬¬ 404 è¡Œ.
NOTIC: [8192] preg_replace(): The /e modifier is deprecated, use preg_replace_callback instead C:\AppServ\www\group\ThinkPHP\Lib\Template\ThinkTemplate.class.php ç¬¬ 404 è¡Œ.
NOTIC: [8192] preg_replace(): The /e modifier is deprecated, use preg_replace_callback instead C:\AppServ\www\group\ThinkPHP\Lib\Template\ThinkTemplate.class.php ç¬¬ 404 è¡Œ.
NOTIC: [8192] preg_replace(): The /e modifier is deprecated, use preg_replace_callback instead C:\AppServ\www\group\ThinkPHP\Lib\Template\ThinkTemplate.class.php ç¬¬ 404 è¡Œ.
NOTIC: [8192] preg_replace(): The /e modifier is deprecated, use preg_replace_callback instead C:\AppServ\www\group\ThinkPHP\Lib\Template\ThinkTemplate.class.php ç¬¬ 404 è¡Œ.
NOTIC: [8192] preg_replace(): The /e modifier is deprecated, use preg_replace_callback instead C:\AppServ\www\group\ThinkPHP\Lib\Template\ThinkTemplate.class.php ç¬¬ 404 è¡Œ.
NOTIC: [8192] preg_replace(): The /e modifier is deprecated, use preg_replace_callback instead C:\AppServ\www\group\ThinkPHP\Lib\Template\ThinkTemplate.class.php ç¬¬ 404 è¡Œ.
NOTIC: [8192] preg_replace(): The /e modifier is deprecated, use preg_replace_callback instead C:\AppServ\www\group\ThinkPHP\Lib\Template\ThinkTemplate.class.php ç¬¬ 404 è¡Œ.
NOTIC: [8192] preg_replace(): The /e modifier is deprecated, use preg_replace_callback instead C:\AppServ\www\group\ThinkPHP\Lib\Template\ThinkTemplate.class.php ç¬¬ 404 è¡Œ.
NOTIC: [8192] preg_replace(): The /e modifier is deprecated, use preg_replace_callback instead C:\AppServ\www\group\ThinkPHP\Lib\Template\ThinkTemplate.class.php ç¬¬ 404 è¡Œ.
NOTIC: [8192] preg_replace(): The /e modifier is deprecated, use preg_replace_callback instead C:\AppServ\www\group\ThinkPHP\Lib\Template\ThinkTemplate.class.php ç¬¬ 404 è¡Œ.
NOTIC: [8192] preg_replace(): The /e modifier is deprecated, use preg_replace_callback instead C:\AppServ\www\group\ThinkPHP\Lib\Template\ThinkTemplate.class.php ç¬¬ 399 è¡Œ.
NOTIC: [8192] preg_replace(): The /e modifier is deprecated, use preg_replace_callback instead C:\AppServ\www\group\ThinkPHP\Lib\Template\ThinkTemplate.class.php ç¬¬ 399 è¡Œ.
NOTIC: [8192] preg_replace(): The /e modifier is deprecated, use preg_replace_callback instead C:\AppServ\www\group\ThinkPHP\Lib\Template\ThinkTemplate.class.php ç¬¬ 399 è¡Œ.
NOTIC: [8192] preg_replace(): The /e modifier is deprecated, use preg_replace_callback instead C:\AppServ\www\group\ThinkPHP\Lib\Template\ThinkTemplate.class.php ç¬¬ 399 è¡Œ.
NOTIC: [8192] preg_replace(): The /e modifier is deprecated, use preg_replace_callback instead C:\AppServ\www\group\ThinkPHP\Lib\Template\ThinkTemplate.class.php ç¬¬ 399 è¡Œ.
NOTIC: [8192] preg_replace(): The /e modifier is deprecated, use preg_replace_callback instead C:\AppServ\www\group\ThinkPHP\Lib\Template\ThinkTemplate.class.php ç¬¬ 399 è¡Œ.
NOTIC: [8192] preg_replace(): The /e modifier is deprecated, use preg_replace_callback instead C:\AppServ\www\group\ThinkPHP\Lib\Template\ThinkTemplate.class.php ç¬¬ 404 è¡Œ.
NOTIC: [8192] preg_replace(): The /e modifier is deprecated, use preg_replace_callback instead C:\AppServ\www\group\ThinkPHP\Lib\Template\ThinkTemplate.class.php ç¬¬ 404 è¡Œ.
NOTIC: [8192] preg_replace(): The /e modifier is deprecated, use preg_replace_callback instead C:\AppServ\www\group\ThinkPHP\Lib\Template\ThinkTemplate.class.php ç¬¬ 404 è¡Œ.
NOTIC: [8192] preg_replace(): The /e modifier is deprecated, use preg_replace_callback instead C:\AppServ\www\group\ThinkPHP\Lib\Template\ThinkTemplate.class.php ç¬¬ 197 è¡Œ.
NOTIC: [8192] preg_replace(): The /e modifier is deprecated, use preg_replace_callback instead C:\AppServ\www\group\ThinkPHP\Lib\Template\ThinkTemplate.class.php ç¬¬ 137 è¡Œ.
INFO: ParseTemplate Behavior ::run [ RunTime:0.019007s ]
INFO: [ view_parse ] --END-- [ RunTime:0.019146s ]
INFO: [ view_filter ] --START--
INFO: ContentReplace Behavior ::run [ RunTime:0.001254s ]
INFO: TokenBuild Behavior ::run [ RunTime:0.001399s ]
INFO: WriteHtmlCache Behavior ::run [ RunTime:0.000884s ]
INFO: ShowRuntime Behavior ::run [ RunTime:0.001163s ]
INFO: [ view_filter ] --END-- [ RunTime:0.004977s ]
INFO: [ view_end ] --START--
INFO: ShowPageTrace Behavior ::run [ RunTime:0.001338s ]
INFO: [ view_end ] --END-- [ RunTime:0.001431s ]

